[ 2020-03-27T20:52:40+08:00 ][ info ] [ LANG ] /Users/liudandan/www/learing/php/swoole/thinkphp/thinkphp/lang/zh-cn.php
[ info ] [ LOG ] INIT File
[ 2020-03-27T20:52:40+08:00 ][ info ] [ LANG ] /Users/liudandan/www/learing/php/swoole/thinkphp/thinkphp/lang/zh-cn.php
[ info ] [ LOG ] INIT File
[ 2020-03-27T20:52:40+08:00 ][ info ] [ LANG ] /Users/liudandan/www/learing/php/swoole/thinkphp/thinkphp/lang/zh-cn.php
[ info ] [ LOG ] INIT File
[ 2020-03-27T20:52:40+08:00 ][ info ] [ LANG ] /Users/liudandan/www/learing/php/swoole/thinkphp/thinkphp/lang/zh-cn.php
[ info ] [ LOG ] INIT File
[ 2020-03-27T20:52:40+08:00 ][ info ] [ LANG ] /Users/liudandan/www/learing/php/swoole/thinkphp/thinkphp/lang/zh-cn.php
[ info ] [ LOG ] INIT File
[ error ] [1]Uncaught think\exception\ErrorException: mkdir(): File exists in /Users/liudandan/www/learing/php/swoole/thinkphp/thinkphp/library/think/log/driver/File.php:54
Stack trace:
#0 [internal function]: think\Error::appError(2, 'mkdir(): File e...', '/Users/liudanda...', 54, Array)
#1 /Users/liudandan/www/learing/php/swoole/thinkphp/thinkphp/library/think/log/driver/File.php(54): mkdir('/Users/liudanda...', 493, true)
#2 /Users/liudandan/www/learing/php/swoole/thinkphp/thinkphp/library/think/Log.php(177): think\log\driver\File->save(Array)
#3 /Users/liudandan/www/learing/php/swoole/thinkphp/thinkphp/library/think/Log.php(102): think\Log->save()
#4 /Users/liudandan/www/learing/php/swoole/thinkphp/thinkphp/library/think/Log.php(65): think\Log->record('[ LOG ] INIT Fi...')
#5 /Users/liudandan/www/learing/php/swoole/thinkphp/thinkphp/library/think/Log.php(153): think\Log->init(Array)
#6 /Users/liudandan/www/learing/php/swoole/thinkphp/thinkphp/library/think/Log.php(102): think\Log->save()
#7 /Users/liudandan/www/learin[/Users/liudandan/www/learing/php/swoole/thinkphp/thinkphp/library/think/log/driver/File.php:54]
[ 2020-03-27T20:52:40+08:00 ][ info ] [ LANG ] /Users/liudandan/www/learing/php/swoole/thinkphp/thinkphp/lang/zh-cn.php
[ info ] [ LOG ] INIT File
[ error ] [1]Uncaught think\exception\ErrorException: mkdir(): File exists in /Users/liudandan/www/learing/php/swoole/thinkphp/thinkphp/library/think/log/driver/File.php:54
Stack trace:
#0 [internal function]: think\Error::appError(2, 'mkdir(): File e...', '/Users/liudanda...', 54, Array)
#1 /Users/liudandan/www/learing/php/swoole/thinkphp/thinkphp/library/think/log/driver/File.php(54): mkdir('/Users/liudanda...', 493, true)
#2 /Users/liudandan/www/learing/php/swoole/thinkphp/thinkphp/library/think/Log.php(177): think\log\driver\File->save(Array)
#3 /Users/liudandan/www/learing/php/swoole/thinkphp/thinkphp/library/think/Log.php(102): think\Log->save()
#4 /Users/liudandan/www/learing/php/swoole/thinkphp/thinkphp/library/think/Log.php(65): think\Log->record('[ LOG ] INIT Fi...')
#5 /Users/liudandan/www/learing/php/swoole/thinkphp/thinkphp/library/think/Log.php(153): think\Log->init(Array)
#6 /Users/liudandan/www/learing/php/swoole/thinkphp/thinkphp/library/think/Log.php(102): think\Log->save()
#7 /Users/liudandan/www/learin[/Users/liudandan/www/learing/php/swoole/thinkphp/thinkphp/library/think/log/driver/File.php:54]
[ 2020-03-27T20:52:40+08:00 ][ info ] [ LANG ] /Users/liudandan/www/learing/php/swoole/thinkphp/thinkphp/lang/zh-cn.php
[ info ] [ LOG ] INIT File
[ error ] [1]Uncaught think\exception\ErrorException: mkdir(): File exists in /Users/liudandan/www/learing/php/swoole/thinkphp/thinkphp/library/think/log/driver/File.php:54
Stack trace:
#0 [internal function]: think\Error::appError(2, 'mkdir(): File e...', '/Users/liudanda...', 54, Array)
#1 /Users/liudandan/www/learing/php/swoole/thinkphp/thinkphp/library/think/log/driver/File.php(54): mkdir('/Users/liudanda...', 493, true)
#2 /Users/liudandan/www/learing/php/swoole/thinkphp/thinkphp/library/think/Log.php(177): think\log\driver\File->save(Array)
#3 /Users/liudandan/www/learing/php/swoole/thinkphp/thinkphp/library/think/Log.php(102): think\Log->save()
#4 /Users/liudandan/www/learing/php/swoole/thinkphp/thinkphp/library/think/Log.php(65): think\Log->record('[ LOG ] INIT Fi...')
#5 /Users/liudandan/www/learing/php/swoole/thinkphp/thinkphp/library/think/Log.php(153): think\Log->init(Array)
#6 /Users/liudandan/www/learing/php/swoole/thinkphp/thinkphp/library/think/Log.php(102): think\Log->save()
#7 /Users/liudandan/www/learin[/Users/liudandan/www/learing/php/swoole/thinkphp/thinkphp/library/think/log/driver/File.php:54]
[ 2020-03-27T20:52:40+08:00 ][ info ] [ LANG ] /Users/liudandan/www/learing/php/swoole/thinkphp/thinkphp/lang/zh-cn.php
[ info ] [ LOG ] INIT File
[ error ] [1]Uncaught think\exception\ErrorException: mkdir(): File exists in /Users/liudandan/www/learing/php/swoole/thinkphp/thinkphp/library/think/log/driver/File.php:54
Stack trace:
#0 [internal function]: think\Error::appError(2, 'mkdir(): File e...', '/Users/liudanda...', 54, Array)
#1 /Users/liudandan/www/learing/php/swoole/thinkphp/thinkphp/library/think/log/driver/File.php(54): mkdir('/Users/liudanda...', 493, true)
#2 /Users/liudandan/www/learing/php/swoole/thinkphp/thinkphp/library/think/Log.php(177): think\log\driver\File->save(Array)
#3 /Users/liudandan/www/learing/php/swoole/thinkphp/thinkphp/library/think/Log.php(102): think\Log->save()
#4 /Users/liudandan/www/learing/php/swoole/thinkphp/thinkphp/library/think/Log.php(65): think\Log->record('[ LOG ] INIT Fi...')
#5 /Users/liudandan/www/learing/php/swoole/thinkphp/thinkphp/library/think/Log.php(153): think\Log->init(Array)
#6 /Users/liudandan/www/learing/php/swoole/thinkphp/thinkphp/library/think/Log.php(102): think\Log->save()
#7 /Users/liudandan/www/learin[/Users/liudandan/www/learing/php/swoole/thinkphp/thinkphp/library/think/log/driver/File.php:54]
[ 2020-03-27T20:52:40+08:00 ][ info ] [ ROUTE ] array (
)
[ 2020-03-27T20:52:40+08:00 ][ info ] [ ROUTE ] array (
)
[ 2020-03-27T20:52:40+08:00 ][ info ] [ ROUTE ] array (
)
[ 2020-03-27T20:52:40+08:00 ][ info ] [ ROUTE ] array (
)
[ 2020-03-27T20:52:40+08:00 ][ info ] [ HEADER ] array (
)
[ 2020-03-27T20:52:40+08:00 ][ info ] [ HEADER ] array (
)
[ 2020-03-27T20:52:40+08:00 ][ info ] [ PARAM ] array (
)
[ 2020-03-27T20:52:40+08:00 ][ info ] [ HEADER ] array (
)
[ 2020-03-27T20:52:40+08:00 ][ info ] [ PARAM ] array (
)
[ 2020-03-27T20:52:40+08:00 ][ info ] [ HEADER ] array (
)
[ 2020-03-27T20:52:40+08:00 ][ info ] [ PARAM ] array (
)
[ 2020-03-27T20:52:40+08:00 ][ info ] [ PARAM ] array (
)
[ 2020-03-27T20:54:15+08:00 ][ error ] [1]Uncaught Error: Class 'Redis' not found in /Users/liudandan/www/learing/php/swoole/thinkphp/application/common/lib/redis/Predis.php:21
Stack trace:
#0 /Users/liudandan/www/learing/php/swoole/thinkphp/application/common/lib/redis/Predis.php(14): app\common\lib\redis\Predis->__construct()
#1 /Users/liudandan/www/learing/php/swoole/thinkphp/server/ws.php(146): app\common\lib\redis\Predis::getInstance()
#2 {main}
  thrown[/Users/liudandan/www/learing/php/swoole/thinkphp/application/common/lib/redis/Predis.php:21]
[ 2020-03-27T21:05:08+08:00 ][ info ] [ LANG ] /Users/liudandan/www/learing/php/swoole/thinkphp/thinkphp/lang/zh-cn.php
[ info ] [ LOG ] INIT File
[ 2020-03-27T21:05:08+08:00 ][ info ] [ LANG ] /Users/liudandan/www/learing/php/swoole/thinkphp/thinkphp/lang/zh-cn.php
[ info ] [ LOG ] INIT File
[ 2020-03-27T21:05:08+08:00 ][ info ] [ LANG ] /Users/liudandan/www/learing/php/swoole/thinkphp/thinkphp/lang/zh-cn.php
[ info ] [ LOG ] INIT File
[ 2020-03-27T21:05:08+08:00 ][ info ] [ LANG ] /Users/liudandan/www/learing/php/swoole/thinkphp/thinkphp/lang/zh-cn.php
[ info ] [ LOG ] INIT File
[ 2020-03-27T21:05:08+08:00 ][ info ] [ ROUTE ] array (
)
[ 2020-03-27T21:05:08+08:00 ][ info ] [ HEADER ] array (
)
[ 2020-03-27T21:05:08+08:00 ][ info ] [ ROUTE ] array (
)
[ 2020-03-27T21:05:08+08:00 ][ info ] [ HEADER ] array (
)
[ 2020-03-27T21:05:08+08:00 ][ info ] [ PARAM ] array (
)
[ 2020-03-27T21:05:08+08:00 ][ info ] [ ROUTE ] array (
)
[ 2020-03-27T21:05:08+08:00 ][ info ] [ HEADER ] array (
)
[ 2020-03-27T21:05:08+08:00 ][ info ] [ LANG ] /Users/liudandan/www/learing/php/swoole/thinkphp/thinkphp/lang/zh-cn.php
[ info ] [ LOG ] INIT File
[ 2020-03-27T21:05:08+08:00 ][ info ] [ PARAM ] array (
)
[ 2020-03-27T21:05:08+08:00 ][ info ] [ ROUTE ] array (
)
[ 2020-03-27T21:05:08+08:00 ][ info ] [ HEADER ] array (
)
[ 2020-03-27T21:05:08+08:00 ][ info ] [ LANG ] /Users/liudandan/www/learing/php/swoole/thinkphp/thinkphp/lang/zh-cn.php
[ info ] [ LOG ] INIT File
[ 2020-03-27T21:05:08+08:00 ][ info ] [ PARAM ] array (
)
[ 2020-03-27T21:05:08+08:00 ][ info ] [ PARAM ] array (
)
[ 2020-03-27T21:05:08+08:00 ][ info ] [ ROUTE ] array (
)
[ 2020-03-27T21:05:08+08:00 ][ info ] [ LANG ] /Users/liudandan/www/learing/php/swoole/thinkphp/thinkphp/lang/zh-cn.php
[ info ] [ LOG ] INIT File
[ 2020-03-27T21:05:08+08:00 ][ info ] [ HEADER ] array (
)
[ 2020-03-27T21:05:08+08:00 ][ info ] [ PARAM ] array (
)
[ 2020-03-27T21:05:08+08:00 ][ info ] [ ROUTE ] array (
)
[ 2020-03-27T21:05:08+08:00 ][ info ] [ HEADER ] array (
)
[ 2020-03-27T21:05:08+08:00 ][ info ] [ PARAM ] array (
)
[ 2020-03-27T21:05:08+08:00 ][ info ] [ LANG ] /Users/liudandan/www/learing/php/swoole/thinkphp/thinkphp/lang/zh-cn.php
[ info ] [ LOG ] INIT File
[ 2020-03-27T21:05:08+08:00 ][ info ] [ ROUTE ] array (
)
[ 2020-03-27T21:05:08+08:00 ][ info ] [ HEADER ] array (
)
[ 2020-03-27T21:05:08+08:00 ][ info ] [ PARAM ] array (
)
[ 2020-03-27T21:05:08+08:00 ][ info ] [ ROUTE ] array (
)
[ 2020-03-27T21:05:08+08:00 ][ info ] [ HEADER ] array (
)
[ 2020-03-27T21:05:08+08:00 ][ info ] [ PARAM ] array (
)
[ 2020-03-27T21:05:14+08:00 ][ info ] [ LANG ] /Users/liudandan/www/learing/php/swoole/thinkphp/thinkphp/lang/zh-cn.php
[ 2020-03-27T21:05:14+08:00 ][ info ] [ ROUTE ] array (
)
[ 2020-03-27T21:05:14+08:00 ][ info ] [ HEADER ] array (
)
[ 2020-03-27T21:05:14+08:00 ][ info ] [ PARAM ] array (
)
[ 2020-03-27T21:05:14+08:00 ][ info ] [ LANG ] /Users/liudandan/www/learing/php/swoole/thinkphp/thinkphp/lang/zh-cn.php
[ 2020-03-27T21:05:14+08:00 ][ info ] [ ROUTE ] array (
)
[ 2020-03-27T21:05:14+08:00 ][ info ] [ HEADER ] array (
)
[ 2020-03-27T21:05:14+08:00 ][ info ] [ PARAM ] array (
)
[ 2020-03-27T21:05:16+08:00 ][ info ] [ LANG ] /Users/liudandan/www/learing/php/swoole/thinkphp/thinkphp/lang/zh-cn.php
[ 2020-03-27T21:05:16+08:00 ][ info ] [ ROUTE ] array (
)
[ 2020-03-27T21:05:16+08:00 ][ info ] [ HEADER ] array (
)
[ 2020-03-27T21:05:16+08:00 ][ info ] [ PARAM ] array (
)
[ 2020-03-27T21:05:16+08:00 ][ info ] [ LANG ] /Users/liudandan/www/learing/php/swoole/thinkphp/thinkphp/lang/zh-cn.php
[ 2020-03-27T21:05:16+08:00 ][ info ] [ ROUTE ] array (
)
[ 2020-03-27T21:05:16+08:00 ][ info ] [ HEADER ] array (
)
[ 2020-03-27T21:05:16+08:00 ][ info ] [ PARAM ] array (
)
[ 2020-03-27T21:05:26+08:00 ][ error ] [1]Uncaught Error: Class 'Redis' not found in /Users/liudandan/www/learing/php/swoole/thinkphp/application/common/lib/redis/Predis.php:21
Stack trace:
#0 /Users/liudandan/www/learing/php/swoole/thinkphp/application/common/lib/redis/Predis.php(14): app\common\lib\redis\Predis->__construct()
#1 /Users/liudandan/www/learing/php/swoole/thinkphp/server/ws.php(146): app\common\lib\redis\Predis::getInstance()
#2 {main}
  thrown[/Users/liudandan/www/learing/php/swoole/thinkphp/application/common/lib/redis/Predis.php:21]
[ 2020-03-27T21:05:27+08:00 ][ info ] [ LANG ] /Users/liudandan/www/learing/php/swoole/thinkphp/thinkphp/lang/zh-cn.php
[ 2020-03-27T21:05:27+08:00 ][ info ] [ ROUTE ] array (
)
[ 2020-03-27T21:05:27+08:00 ][ info ] [ HEADER ] array (
)
[ 2020-03-27T21:05:27+08:00 ][ info ] [ PARAM ] array (
)
[ 2020-03-27T21:05:28+08:00 ][ info ] [ LANG ] /Users/liudandan/www/learing/php/swoole/thinkphp/thinkphp/lang/zh-cn.php
[ 2020-03-27T21:05:28+08:00 ][ info ] [ ROUTE ] array (
)
[ 2020-03-27T21:05:28+08:00 ][ info ] [ HEADER ] array (
)
[ 2020-03-27T21:05:28+08:00 ][ info ] [ PARAM ] array (
)
[ 2020-03-27T21:06:54+08:00 ][ error ] [1]Uncaught Error: Class 'Redis' not found in /Users/liudandan/www/learing/php/swoole/thinkphp/application/common/lib/redis/Predis.php:21
Stack trace:
#0 /Users/liudandan/www/learing/php/swoole/thinkphp/application/common/lib/redis/Predis.php(14): app\common\lib\redis\Predis->__construct()
#1 /Users/liudandan/www/learing/php/swoole/thinkphp/server/ws.php(146): app\common\lib\redis\Predis::getInstance()
#2 {main}
  thrown[/Users/liudandan/www/learing/php/swoole/thinkphp/application/common/lib/redis/Predis.php:21]
[ 2020-03-27T21:08:38+08:00 ][ info ] [ LANG ] /Users/liudandan/www/learing/php/swoole/thinkphp/thinkphp/lang/zh-cn.php
[ 2020-03-27T21:08:38+08:00 ][ info ] [ ROUTE ] array (
)
[ 2020-03-27T21:08:38+08:00 ][ info ] [ HEADER ] array (
)
[ 2020-03-27T21:08:38+08:00 ][ info ] [ PARAM ] array (
)
[ 2020-03-27T21:08:38+08:00 ][ info ] [ LANG ] /Users/liudandan/www/learing/php/swoole/thinkphp/thinkphp/lang/zh-cn.php
[ 2020-03-27T21:08:38+08:00 ][ info ] [ ROUTE ] array (
)
[ 2020-03-27T21:08:38+08:00 ][ info ] [ HEADER ] array (
)
[ 2020-03-27T21:08:38+08:00 ][ info ] [ PARAM ] array (
)
[ 2020-03-27T21:09:00+08:00 ][ error ] [1]Uncaught Error: Class 'Redis' not found in /Users/liudandan/www/learing/php/swoole/thinkphp/application/common/lib/redis/Predis.php:21
Stack trace:
#0 /Users/liudandan/www/learing/php/swoole/thinkphp/application/common/lib/redis/Predis.php(14): app\common\lib\redis\Predis->__construct()
#1 /Users/liudandan/www/learing/php/swoole/thinkphp/server/ws.php(146): app\common\lib\redis\Predis::getInstance()
#2 {main}
  thrown[/Users/liudandan/www/learing/php/swoole/thinkphp/application/common/lib/redis/Predis.php:21]
[ 2020-03-27T21:14:00+08:00 ][ error ] [1]Uncaught Error: Class 'Redis' not found in /Users/liudandan/www/learing/php/swoole/thinkphp/application/common/lib/redis/Predis.php:21
Stack trace:
#0 /Users/liudandan/www/learing/php/swoole/thinkphp/application/common/lib/redis/Predis.php(14): app\common\lib\redis\Predis->__construct()
#1 /Users/liudandan/www/learing/php/swoole/thinkphp/server/ws.php(146): app\common\lib\redis\Predis::getInstance()
#2 {main}
  thrown[/Users/liudandan/www/learing/php/swoole/thinkphp/application/common/lib/redis/Predis.php:21]
[ 2020-03-27T22:47:02+08:00 ][ info ] [ LANG ] /Users/liudandan/www/learing/php/swoole/thinkphp/thinkphp/lang/zh-cn.php
[ info ] [ LOG ] INIT File
[ 2020-03-27T22:47:02+08:00 ][ info ] [ LANG ] /Users/liudandan/www/learing/php/swoole/thinkphp/thinkphp/lang/zh-cn.php
[ info ] [ LOG ] INIT File
[ 2020-03-27T22:47:02+08:00 ][ info ] [ LANG ] /Users/liudandan/www/learing/php/swoole/thinkphp/thinkphp/lang/zh-cn.php
[ info ] [ LOG ] INIT File
[ 2020-03-27T22:47:02+08:00 ][ info ] [ LANG ] /Users/liudandan/www/learing/php/swoole/thinkphp/thinkphp/lang/zh-cn.php
[ info ] [ LOG ] INIT File
[ 2020-03-27T22:47:02+08:00 ][ info ] [ LANG ] /Users/liudandan/www/learing/php/swoole/thinkphp/thinkphp/lang/zh-cn.php
[ info ] [ LOG ] INIT File
[ 2020-03-27T22:47:02+08:00 ][ info ] [ LANG ] /Users/liudandan/www/learing/php/swoole/thinkphp/thinkphp/lang/zh-cn.php
[ info ] [ LOG ] INIT File
[ 2020-03-27T22:47:02+08:00 ][ info ] [ LANG ] /Users/liudandan/www/learing/php/swoole/thinkphp/thinkphp/lang/zh-cn.php
[ info ] [ LOG ] INIT File
[ 2020-03-27T22:47:02+08:00 ][ info ] [ LANG ] /Users/liudandan/www/learing/php/swoole/thinkphp/thinkphp/lang/zh-cn.php
[ info ] [ LOG ] INIT File
[ 2020-03-27T22:47:02+08:00 ][ info ] [ ROUTE ] array (
)
[ 2020-03-27T22:47:02+08:00 ][ info ] [ ROUTE ] array (
)
[ 2020-03-27T22:47:02+08:00 ][ info ] [ ROUTE ] array (
)
[ 2020-03-27T22:47:02+08:00 ][ info ] [ ROUTE ] array (
)
[ 2020-03-27T22:47:02+08:00 ][ info ] [ ROUTE ] array (
)
[ 2020-03-27T22:47:02+08:00 ][ info ] [ ROUTE ] array (
)
[ 2020-03-27T22:47:02+08:00 ][ info ] [ HEADER ] array (
)
[ 2020-03-27T22:47:02+08:00 ][ info ] [ ROUTE ] array (
)
[ 2020-03-27T22:47:02+08:00 ][ info ] [ ROUTE ] array (
)
[ 2020-03-27T22:47:02+08:00 ][ info ] [ HEADER ] array (
)
[ 2020-03-27T22:47:02+08:00 ][ info ] [ HEADER ] array (
)
[ 2020-03-27T22:47:02+08:00 ][ info ] [ PARAM ] array (
)
[ 2020-03-27T22:47:02+08:00 ][ info ] [ PARAM ] array (
)
[ 2020-03-27T22:47:02+08:00 ][ info ] [ HEADER ] array (
)
[ 2020-03-27T22:47:02+08:00 ][ info ] [ HEADER ] array (
)
[ 2020-03-27T22:47:02+08:00 ][ info ] [ PARAM ] array (
)
[ 2020-03-27T22:47:02+08:00 ][ info ] [ HEADER ] array (
)
[ 2020-03-27T22:47:02+08:00 ][ info ] [ HEADER ] array (
)
[ 2020-03-27T22:47:02+08:00 ][ info ] [ PARAM ] array (
)
[ 2020-03-27T22:47:02+08:00 ][ info ] [ PARAM ] array (
)
[ 2020-03-27T22:47:02+08:00 ][ info ] [ HEADER ] array (
)
[ 2020-03-27T22:47:02+08:00 ][ info ] [ PARAM ] array (
)
[ 2020-03-27T22:47:02+08:00 ][ info ] [ PARAM ] array (
)
[ 2020-03-27T22:47:02+08:00 ][ info ] [ PARAM ] array (
)
[ 2020-03-27T22:48:49+08:00 ][ info ] [ LANG ] /Users/liudandan/www/learing/php/swoole/thinkphp/thinkphp/lang/zh-cn.php
[ info ] [ LOG ] INIT File
[ 2020-03-27T22:48:49+08:00 ][ info ] [ LANG ] /Users/liudandan/www/learing/php/swoole/thinkphp/thinkphp/lang/zh-cn.php
[ info ] [ LOG ] INIT File
[ 2020-03-27T22:48:49+08:00 ][ info ] [ LANG ] /Users/liudandan/www/learing/php/swoole/thinkphp/thinkphp/lang/zh-cn.php
[ info ] [ LOG ] INIT File
[ 2020-03-27T22:48:49+08:00 ][ info ] [ LANG ] /Users/liudandan/www/learing/php/swoole/thinkphp/thinkphp/lang/zh-cn.php
[ info ] [ LOG ] INIT File
[ 2020-03-27T22:48:49+08:00 ][ info ] [ LANG ] /Users/liudandan/www/learing/php/swoole/thinkphp/thinkphp/lang/zh-cn.php
[ info ] [ LOG ] INIT File
[ 2020-03-27T22:48:49+08:00 ][ info ] [ ROUTE ] array (
)
[ 2020-03-27T22:48:49+08:00 ][ info ] [ HEADER ] array (
)
[ 2020-03-27T22:48:49+08:00 ][ info ] [ ROUTE ] array (
)
[ 2020-03-27T22:48:49+08:00 ][ info ] [ HEADER ] array (
)
[ 2020-03-27T22:48:49+08:00 ][ info ] [ PARAM ] array (
)
[ 2020-03-27T22:48:49+08:00 ][ info ] [ ROUTE ] array (
)
[ 2020-03-27T22:48:49+08:00 ][ info ] [ PARAM ] array (
)
[ 2020-03-27T22:48:49+08:00 ][ info ] [ LANG ] /Users/liudandan/www/learing/php/swoole/thinkphp/thinkphp/lang/zh-cn.php
[ info ] [ LOG ] INIT File
[ 2020-03-27T22:48:49+08:00 ][ info ] [ ROUTE ] array (
)
[ 2020-03-27T22:48:49+08:00 ][ info ] [ HEADER ] array (
)
[ 2020-03-27T22:48:49+08:00 ][ info ] [ HEADER ] array (
)
[ 2020-03-27T22:48:49+08:00 ][ info ] [ ROUTE ] array (
)
[ 2020-03-27T22:48:49+08:00 ][ info ] [ HEADER ] array (
)
[ 2020-03-27T22:48:49+08:00 ][ info ] [ PARAM ] array (
)
[ 2020-03-27T22:48:49+08:00 ][ info ] [ ROUTE ] array (
)
[ 2020-03-27T22:48:49+08:00 ][ info ] [ HEADER ] array (
)
[ 2020-03-27T22:48:49+08:00 ][ info ] [ PARAM ] array (
)
[ 2020-03-27T22:48:49+08:00 ][ info ] [ PARAM ] array (
)
[ 2020-03-27T22:48:49+08:00 ][ info ] [ PARAM ] array (
)
[ 2020-03-27T22:48:49+08:00 ][ info ] [ LANG ] /Users/liudandan/www/learing/php/swoole/thinkphp/thinkphp/lang/zh-cn.php
[ info ] [ LOG ] INIT File
[ 2020-03-27T22:48:49+08:00 ][ info ] [ LANG ] /Users/liudandan/www/learing/php/swoole/thinkphp/thinkphp/lang/zh-cn.php
[ info ] [ LOG ] INIT File
[ 2020-03-27T22:48:49+08:00 ][ info ] [ ROUTE ] array (
)
[ 2020-03-27T22:48:49+08:00 ][ info ] [ HEADER ] array (
)
[ 2020-03-27T22:48:49+08:00 ][ info ] [ ROUTE ] array (
)
[ 2020-03-27T22:48:49+08:00 ][ info ] [ HEADER ] array (
)
[ 2020-03-27T22:48:49+08:00 ][ info ] [ PARAM ] array (
)
[ 2020-03-27T22:48:49+08:00 ][ info ] [ PARAM ] array (
)
[ 2020-03-27T22:48:52+08:00 ][ info ] [ LANG ] /Users/liudandan/www/learing/php/swoole/thinkphp/thinkphp/lang/zh-cn.php
[ 2020-03-27T22:48:52+08:00 ][ info ] [ ROUTE ] array (
)
[ 2020-03-27T22:48:52+08:00 ][ info ] [ HEADER ] array (
)
[ 2020-03-27T22:48:52+08:00 ][ info ] [ PARAM ] array (
)
[ 2020-03-27T22:48:52+08:00 ][ info ] [ LANG ] /Users/liudandan/www/learing/php/swoole/thinkphp/thinkphp/lang/zh-cn.php
[ 2020-03-27T22:48:52+08:00 ][ info ] [ ROUTE ] array (
)
[ 2020-03-27T22:48:52+08:00 ][ info ] [ HEADER ] array (
)
[ 2020-03-27T22:48:52+08:00 ][ info ] [ PARAM ] array (
)
[ 2020-03-27T22:50:41+08:00 ][ info ] [ LANG ] /Users/liudandan/www/learing/php/swoole/thinkphp/thinkphp/lang/zh-cn.php
[ 2020-03-27T22:50:41+08:00 ][ info ] [ ROUTE ] array (
)
[ 2020-03-27T22:50:41+08:00 ][ info ] [ HEADER ] array (
)
[ 2020-03-27T22:50:41+08:00 ][ info ] [ PARAM ] array (
)
[ 2020-03-27T22:50:41+08:00 ][ info ] [ LANG ] /Users/liudandan/www/learing/php/swoole/thinkphp/thinkphp/lang/zh-cn.php
[ 2020-03-27T22:50:41+08:00 ][ info ] [ ROUTE ] array (
)
[ 2020-03-27T22:50:41+08:00 ][ info ] [ HEADER ] array (
)
[ 2020-03-27T22:50:41+08:00 ][ info ] [ PARAM ] array (
)
[ 2020-03-27T22:50:55+08:00 ][ info ] [ LANG ] /Users/liudandan/www/learing/php/swoole/thinkphp/thinkphp/lang/zh-cn.php
[ info ] [ LOG ] INIT File
[ 2020-03-27T22:50:55+08:00 ][ info ] [ LANG ] /Users/liudandan/www/learing/php/swoole/thinkphp/thinkphp/lang/zh-cn.php
[ info ] [ LOG ] INIT File
[ 2020-03-27T22:50:55+08:00 ][ info ] [ LANG ] /Users/liudandan/www/learing/php/swoole/thinkphp/thinkphp/lang/zh-cn.php
[ info ] [ LOG ] INIT File
[ 2020-03-27T22:50:55+08:00 ][ info ] [ LANG ] /Users/liudandan/www/learing/php/swoole/thinkphp/thinkphp/lang/zh-cn.php
[ info ] [ LOG ] INIT File
[ 2020-03-27T22:50:55+08:00 ][ info ] [ LANG ] /Users/liudandan/www/learing/php/swoole/thinkphp/thinkphp/lang/zh-cn.php
[ info ] [ LOG ] INIT File
[ 2020-03-27T22:50:55+08:00 ][ info ] [ ROUTE ] array (
)
[ 2020-03-27T22:50:55+08:00 ][ info ] [ HEADER ] array (
)
[ 2020-03-27T22:50:55+08:00 ][ info ] [ ROUTE ] array (
)
[ 2020-03-27T22:50:55+08:00 ][ info ] [ HEADER ] array (
)
[ 2020-03-27T22:50:55+08:00 ][ info ] [ PARAM ] array (
)
[ 2020-03-27T22:50:55+08:00 ][ info ] [ LANG ] /Users/liudandan/www/learing/php/swoole/thinkphp/thinkphp/lang/zh-cn.php
[ info ] [ LOG ] INIT File
[ 2020-03-27T22:50:55+08:00 ][ info ] [ ROUTE ] array (
)
[ 2020-03-27T22:50:55+08:00 ][ info ] [ HEADER ] array (
)
[ 2020-03-27T22:50:55+08:00 ][ info ] [ PARAM ] array (
)
[ 2020-03-27T22:50:55+08:00 ][ info ] [ PARAM ] array (
)
[ 2020-03-27T22:50:55+08:00 ][ info ] [ ROUTE ] array (
)
[ 2020-03-27T22:50:55+08:00 ][ info ] [ HEADER ] array (
)
[ 2020-03-27T22:50:55+08:00 ][ info ] [ ROUTE ] array (
)
[ 2020-03-27T22:50:55+08:00 ][ info ] [ HEADER ] array (
)
[ 2020-03-27T22:50:55+08:00 ][ info ] [ PARAM ] array (
)
[ 2020-03-27T22:50:55+08:00 ][ info ] [ ROUTE ] array (
)
[ 2020-03-27T22:50:55+08:00 ][ info ] [ HEADER ] array (
)
[ 2020-03-27T22:50:55+08:00 ][ info ] [ PARAM ] array (
)
[ 2020-03-27T22:50:55+08:00 ][ info ] [ LANG ] /Users/liudandan/www/learing/php/swoole/thinkphp/thinkphp/lang/zh-cn.php
[ info ] [ LOG ] INIT File
[ 2020-03-27T22:50:55+08:00 ][ info ] [ LANG ] /Users/liudandan/www/learing/php/swoole/thinkphp/thinkphp/lang/zh-cn.php
[ info ] [ LOG ] INIT File
[ 2020-03-27T22:50:55+08:00 ][ info ] [ PARAM ] array (
)
[ 2020-03-27T22:50:55+08:00 ][ info ] [ ROUTE ] array (
)
[ 2020-03-27T22:50:55+08:00 ][ info ] [ HEADER ] array (
)
[ 2020-03-27T22:50:55+08:00 ][ info ] [ PARAM ] array (
)
[ 2020-03-27T22:50:55+08:00 ][ info ] [ ROUTE ] array (
)
[ 2020-03-27T22:50:55+08:00 ][ info ] [ HEADER ] array (
)
[ 2020-03-27T22:50:55+08:00 ][ info ] [ PARAM ] array (
)
[ 2020-03-27T22:50:58+08:00 ][ info ] [ LANG ] /Users/liudandan/www/learing/php/swoole/thinkphp/thinkphp/lang/zh-cn.php
[ 2020-03-27T22:50:58+08:00 ][ info ] [ ROUTE ] array (
)
[ 2020-03-27T22:50:58+08:00 ][ info ] [ HEADER ] array (
)
[ 2020-03-27T22:50:58+08:00 ][ info ] [ PARAM ] array (
)
[ 2020-03-27T22:50:58+08:00 ][ info ] [ LANG ] /Users/liudandan/www/learing/php/swoole/thinkphp/thinkphp/lang/zh-cn.php
[ 2020-03-27T22:50:58+08:00 ][ info ] [ ROUTE ] array (
)
[ 2020-03-27T22:50:58+08:00 ][ info ] [ HEADER ] array (
)
[ 2020-03-27T22:50:58+08:00 ][ info ] [ PARAM ] array (
)
[ 2020-03-27T22:54:49+08:00 ][ info ] [ LANG ] /Users/liudandan/www/learing/php/swoole/thinkphp/thinkphp/lang/zh-cn.php
[ 2020-03-27T22:54:49+08:00 ][ info ] [ ROUTE ] array (
)
[ 2020-03-27T22:54:49+08:00 ][ info ] [ HEADER ] array (
)
[ 2020-03-27T22:54:49+08:00 ][ info ] [ PARAM ] array (
)
[ 2020-03-27T22:54:50+08:00 ][ info ] [ LANG ] /Users/liudandan/www/learing/php/swoole/thinkphp/thinkphp/lang/zh-cn.php
[ 2020-03-27T22:54:50+08:00 ][ info ] [ ROUTE ] array (
)
[ 2020-03-27T22:54:50+08:00 ][ info ] [ HEADER ] array (
)
[ 2020-03-27T22:54:50+08:00 ][ info ] [ PARAM ] array (
)
[ 2020-03-27T22:54:56+08:00 ][ info ] [ LANG ] /Users/liudandan/www/learing/php/swoole/thinkphp/thinkphp/lang/zh-cn.php
[ 2020-03-27T22:54:56+08:00 ][ info ] [ ROUTE ] array (
)
[ 2020-03-27T22:54:56+08:00 ][ info ] [ HEADER ] array (
)
[ 2020-03-27T22:54:56+08:00 ][ info ] [ PARAM ] array (
)
[ 2020-03-27T22:54:56+08:00 ][ info ] [ LANG ] /Users/liudandan/www/learing/php/swoole/thinkphp/thinkphp/lang/zh-cn.php
[ 2020-03-27T22:54:56+08:00 ][ info ] [ ROUTE ] array (
)
[ 2020-03-27T22:54:56+08:00 ][ info ] [ HEADER ] array (
)
[ 2020-03-27T22:54:56+08:00 ][ info ] [ PARAM ] array (
)
[ 2020-03-27T23:07:17+08:00 ][ info ] [ LANG ] /Users/liudandan/www/learing/php/swoole/thinkphp/thinkphp/lang/zh-cn.php
[ info ] [ LOG ] INIT File
[ 2020-03-27T23:07:17+08:00 ][ info ] [ LANG ] /Users/liudandan/www/learing/php/swoole/thinkphp/thinkphp/lang/zh-cn.php
[ info ] [ LOG ] INIT File
[ 2020-03-27T23:07:17+08:00 ][ info ] [ LANG ] /Users/liudandan/www/learing/php/swoole/thinkphp/thinkphp/lang/zh-cn.php
[ info ] [ LOG ] INIT File
[ 2020-03-27T23:07:17+08:00 ][ info ] [ LANG ] /Users/liudandan/www/learing/php/swoole/thinkphp/thinkphp/lang/zh-cn.php
[ info ] [ LOG ] INIT File
[ 2020-03-27T23:07:17+08:00 ][ info ] [ LANG ] /Users/liudandan/www/learing/php/swoole/thinkphp/thinkphp/lang/zh-cn.php
[ info ] [ LOG ] INIT File
[ 2020-03-27T23:07:17+08:00 ][ info ] [ LANG ] /Users/liudandan/www/learing/php/swoole/thinkphp/thinkphp/lang/zh-cn.php
[ info ] [ LOG ] INIT File
[ 2020-03-27T23:07:17+08:00 ][ info ] [ LANG ] /Users/liudandan/www/learing/php/swoole/thinkphp/thinkphp/lang/zh-cn.php
[ info ] [ LOG ] INIT File
[ 2020-03-27T23:07:17+08:00 ][ info ] [ LANG ] /Users/liudandan/www/learing/php/swoole/thinkphp/thinkphp/lang/zh-cn.php
[ info ] [ LOG ] INIT File
[ 2020-03-27T23:07:17+08:00 ][ info ] [ ROUTE ] array (
)
[ 2020-03-27T23:07:17+08:00 ][ info ] [ ROUTE ] array (
)
[ 2020-03-27T23:07:17+08:00 ][ info ] [ ROUTE ] array (
)
[ 2020-03-27T23:07:17+08:00 ][ info ] [ ROUTE ] array (
)
[ 2020-03-27T23:07:17+08:00 ][ info ] [ ROUTE ] array (
)
[ 2020-03-27T23:07:17+08:00 ][ info ] [ ROUTE ] array (
)
[ 2020-03-27T23:07:17+08:00 ][ info ] [ HEADER ] array (
)
[ 2020-03-27T23:07:17+08:00 ][ info ] [ ROUTE ] array (
)
[ 2020-03-27T23:07:17+08:00 ][ info ] [ ROUTE ] array (
)
[ 2020-03-27T23:07:17+08:00 ][ info ] [ HEADER ] array (
)
[ 2020-03-27T23:07:17+08:00 ][ info ] [ HEADER ] array (
)
[ 2020-03-27T23:07:17+08:00 ][ info ] [ PARAM ] array (
)
[ 2020-03-27T23:07:17+08:00 ][ info ] [ HEADER ] array (
)
[ 2020-03-27T23:07:17+08:00 ][ info ] [ HEADER ] array (
)
[ 2020-03-27T23:07:17+08:00 ][ info ] [ HEADER ] array (
)
[ 2020-03-27T23:07:17+08:00 ][ info ] [ HEADER ] array (
)
[ 2020-03-27T23:07:17+08:00 ][ info ] [ HEADER ] array (
)
[ 2020-03-27T23:07:17+08:00 ][ info ] [ PARAM ] array (
)
[ 2020-03-27T23:07:17+08:00 ][ info ] [ PARAM ] array (
)
[ 2020-03-27T23:07:17+08:00 ][ info ] [ PARAM ] array (
)
[ 2020-03-27T23:07:17+08:00 ][ info ] [ PARAM ] array (
)
[ 2020-03-27T23:07:17+08:00 ][ info ] [ PARAM ] array (
)
[ 2020-03-27T23:07:17+08:00 ][ info ] [ PARAM ] array (
)
[ 2020-03-27T23:07:17+08:00 ][ info ] [ PARAM ] array (
)
[ 2020-03-27T23:08:52+08:00 ][ info ] [ LANG ] /Users/liudandan/www/learing/php/swoole/thinkphp/thinkphp/lang/zh-cn.php
[ info ] [ LOG ] INIT File
[ 2020-03-27T23:08:52+08:00 ][ info ] [ LANG ] /Users/liudandan/www/learing/php/swoole/thinkphp/thinkphp/lang/zh-cn.php
[ info ] [ LOG ] INIT File
[ 2020-03-27T23:08:52+08:00 ][ info ] [ ROUTE ] array (
)
[ 2020-03-27T23:08:52+08:00 ][ info ] [ HEADER ] array (
)
[ 2020-03-27T23:08:52+08:00 ][ info ] [ PARAM ] array (
)
[ 2020-03-27T23:08:52+08:00 ][ info ] [ LANG ] /Users/liudandan/www/learing/php/swoole/thinkphp/thinkphp/lang/zh-cn.php
[ info ] [ LOG ] INIT File
[ 2020-03-27T23:08:52+08:00 ][ info ] [ LANG ] /Users/liudandan/www/learing/php/swoole/thinkphp/thinkphp/lang/zh-cn.php
[ info ] [ LOG ] INIT File
[ 2020-03-27T23:08:52+08:00 ][ info ] [ ROUTE ] array (
)
[ 2020-03-27T23:08:52+08:00 ][ info ] [ HEADER ] array (
)
[ 2020-03-27T23:08:52+08:00 ][ info ] [ PARAM ] array (
)
[ 2020-03-27T23:08:52+08:00 ][ info ] [ LANG ] /Users/liudandan/www/learing/php/swoole/thinkphp/thinkphp/lang/zh-cn.php
[ info ] [ LOG ] INIT File
[ 2020-03-27T23:08:52+08:00 ][ info ] [ ROUTE ] array (
)
[ 2020-03-27T23:08:52+08:00 ][ info ] [ LANG ] /Users/liudandan/www/learing/php/swoole/thinkphp/thinkphp/lang/zh-cn.php
[ info ] [ LOG ] INIT File
[ 2020-03-27T23:08:52+08:00 ][ info ] [ ROUTE ] array (
)
[ 2020-03-27T23:08:52+08:00 ][ info ] [ HEADER ] array (
)
[ 2020-03-27T23:08:52+08:00 ][ info ] [ HEADER ] array (
)
[ 2020-03-27T23:08:52+08:00 ][ info ] [ PARAM ] array (
)
[ 2020-03-27T23:08:52+08:00 ][ info ] [ PARAM ] array (
)
[ 2020-03-27T23:08:52+08:00 ][ info ] [ ROUTE ] array (
)
[ 2020-03-27T23:08:52+08:00 ][ info ] [ LANG ] /Users/liudandan/www/learing/php/swoole/thinkphp/thinkphp/lang/zh-cn.php
[ info ] [ LOG ] INIT File
[ 2020-03-27T23:08:52+08:00 ][ info ] [ HEADER ] array (
)
[ 2020-03-27T23:08:52+08:00 ][ info ] [ PARAM ] array (
)
[ 2020-03-27T23:08:52+08:00 ][ info ] [ ROUTE ] array (
)
[ 2020-03-27T23:08:52+08:00 ][ info ] [ HEADER ] array (
)
[ 2020-03-27T23:08:52+08:00 ][ info ] [ PARAM ] array (
)
[ 2020-03-27T23:08:52+08:00 ][ info ] [ ROUTE ] array (
)
[ 2020-03-27T23:08:52+08:00 ][ info ] [ HEADER ] array (
)
[ 2020-03-27T23:08:52+08:00 ][ info ] [ PARAM ] array (
)
[ 2020-03-27T23:08:52+08:00 ][ info ] [ LANG ] /Users/liudandan/www/learing/php/swoole/thinkphp/thinkphp/lang/zh-cn.php
[ info ] [ LOG ] INIT File
[ 2020-03-27T23:08:52+08:00 ][ info ] [ ROUTE ] array (
)
[ 2020-03-27T23:08:52+08:00 ][ info ] [ HEADER ] array (
)
[ 2020-03-27T23:08:52+08:00 ][ info ] [ PARAM ] array (
)
[ 2020-03-27T23:09:36+08:00 ][ info ] [ LANG ] /Users/liudandan/www/learing/php/swoole/thinkphp/thinkphp/lang/zh-cn.php
[ 2020-03-27T23:09:36+08:00 ][ info ] [ ROUTE ] array (
)
[ 2020-03-27T23:09:36+08:00 ][ info ] [ HEADER ] array (
)
[ 2020-03-27T23:09:36+08:00 ][ info ] [ PARAM ] array (
  'phone_num' => '18032257279',
)
[ 2020-03-27T23:11:13+08:00 ][ info ] [ LANG ] /Users/liudandan/www/learing/php/swoole/thinkphp/thinkphp/lang/zh-cn.php
[ info ] [ LOG ] INIT File
[ 2020-03-27T23:11:13+08:00 ][ info ] [ LANG ] /Users/liudandan/www/learing/php/swoole/thinkphp/thinkphp/lang/zh-cn.php
[ info ] [ LOG ] INIT File
[ 2020-03-27T23:11:13+08:00 ][ info ] [ LANG ] /Users/liudandan/www/learing/php/swoole/thinkphp/thinkphp/lang/zh-cn.php
[ info ] [ LOG ] INIT File
[ 2020-03-27T23:11:13+08:00 ][ info ] [ LANG ] /Users/liudandan/www/learing/php/swoole/thinkphp/thinkphp/lang/zh-cn.php
[ info ] [ LOG ] INIT File
[ 2020-03-27T23:11:13+08:00 ][ info ] [ LANG ] /Users/liudandan/www/learing/php/swoole/thinkphp/thinkphp/lang/zh-cn.php
[ info ] [ LOG ] INIT File
[ 2020-03-27T23:11:13+08:00 ][ info ] [ LANG ] /Users/liudandan/www/learing/php/swoole/thinkphp/thinkphp/lang/zh-cn.php
[ info ] [ LOG ] INIT File
[ 2020-03-27T23:11:13+08:00 ][ info ] [ LANG ] /Users/liudandan/www/learing/php/swoole/thinkphp/thinkphp/lang/zh-cn.php
[ info ] [ LOG ] INIT File
[ 2020-03-27T23:11:13+08:00 ][ info ] [ LANG ] /Users/liudandan/www/learing/php/swoole/thinkphp/thinkphp/lang/zh-cn.php
[ info ] [ LOG ] INIT File
[ 2020-03-27T23:11:13+08:00 ][ info ] [ ROUTE ] array (
)
[ 2020-03-27T23:11:13+08:00 ][ info ] [ ROUTE ] array (
)
[ 2020-03-27T23:11:13+08:00 ][ info ] [ ROUTE ] array (
)
[ 2020-03-27T23:11:13+08:00 ][ info ] [ ROUTE ] array (
)
[ 2020-03-27T23:11:13+08:00 ][ info ] [ ROUTE ] array (
)
[ 2020-03-27T23:11:13+08:00 ][ info ] [ ROUTE ] array (
)
[ 2020-03-27T23:11:13+08:00 ][ info ] [ ROUTE ] array (
)
[ 2020-03-27T23:11:13+08:00 ][ info ] [ HEADER ] array (
)
[ 2020-03-27T23:11:13+08:00 ][ info ] [ ROUTE ] array (
)
[ 2020-03-27T23:11:13+08:00 ][ info ] [ HEADER ] array (
)
[ 2020-03-27T23:11:13+08:00 ][ info ] [ HEADER ] array (
)
[ 2020-03-27T23:11:13+08:00 ][ info ] [ PARAM ] array (
)
[ 2020-03-27T23:11:13+08:00 ][ info ] [ PARAM ] array (
)
[ 2020-03-27T23:11:13+08:00 ][ info ] [ HEADER ] array (
)
[ 2020-03-27T23:11:13+08:00 ][ info ] [ HEADER ] array (
)
[ 2020-03-27T23:11:13+08:00 ][ info ] [ PARAM ] array (
)
[ 2020-03-27T23:11:13+08:00 ][ info ] [ HEADER ] array (
)
[ 2020-03-27T23:11:13+08:00 ][ info ] [ HEADER ] array (
)
[ 2020-03-27T23:11:13+08:00 ][ info ] [ PARAM ] array (
)
[ 2020-03-27T23:11:13+08:00 ][ info ] [ HEADER ] array (
)
[ 2020-03-27T23:11:13+08:00 ][ info ] [ PARAM ] array (
)
[ 2020-03-27T23:11:13+08:00 ][ info ] [ PARAM ] array (
)
[ 2020-03-27T23:11:13+08:00 ][ info ] [ PARAM ] array (
)
[ 2020-03-27T23:11:13+08:00 ][ info ] [ PARAM ] array (
)
[ 2020-03-27T23:11:37+08:00 ][ info ] [ LANG ] /Users/liudandan/www/learing/php/swoole/thinkphp/thinkphp/lang/zh-cn.php
[ 2020-03-27T23:11:37+08:00 ][ info ] [ ROUTE ] array (
)
[ 2020-03-27T23:11:37+08:00 ][ info ] [ HEADER ] array (
)
[ 2020-03-27T23:11:37+08:00 ][ info ] [ PARAM ] array (
  'phone_num' => '18032257279',
)
[ 2020-03-27T23:12:04+08:00 ][ info ] [ LANG ] /Users/liudandan/www/learing/php/swoole/thinkphp/thinkphp/lang/zh-cn.php
[ info ] [ LOG ] INIT File
[ 2020-03-27T23:12:04+08:00 ][ info ] [ ROUTE ] array (
)
[ 2020-03-27T23:12:04+08:00 ][ info ] [ HEADER ] array (
)
[ 2020-03-27T23:12:04+08:00 ][ info ] [ LANG ] /Users/liudandan/www/learing/php/swoole/thinkphp/thinkphp/lang/zh-cn.php
[ info ] [ LOG ] INIT File
[ 2020-03-27T23:12:04+08:00 ][ info ] [ PARAM ] array (
)
[ 2020-03-27T23:12:04+08:00 ][ info ] [ LANG ] /Users/liudandan/www/learing/php/swoole/thinkphp/thinkphp/lang/zh-cn.php
[ info ] [ LOG ] INIT File
[ 2020-03-27T23:12:04+08:00 ][ info ] [ ROUTE ] array (
)
[ 2020-03-27T23:12:04+08:00 ][ info ] [ HEADER ] array (
)
[ 2020-03-27T23:12:04+08:00 ][ info ] [ PARAM ] array (
)
[ 2020-03-27T23:12:04+08:00 ][ info ] [ LANG ] /Users/liudandan/www/learing/php/swoole/thinkphp/thinkphp/lang/zh-cn.php
[ info ] [ LOG ] INIT File
[ 2020-03-27T23:12:04+08:00 ][ info ] [ ROUTE ] array (
)
[ 2020-03-27T23:12:04+08:00 ][ info ] [ HEADER ] array (
)
[ 2020-03-27T23:12:04+08:00 ][ info ] [ PARAM ] array (
)
[ 2020-03-27T23:12:04+08:00 ][ info ] [ ROUTE ] array (
)
[ 2020-03-27T23:12:04+08:00 ][ info ] [ HEADER ] array (
)
[ 2020-03-27T23:12:04+08:00 ][ info ] [ PARAM ] array (
)
[ 2020-03-27T23:12:04+08:00 ][ info ] [ LANG ] /Users/liudandan/www/learing/php/swoole/thinkphp/thinkphp/lang/zh-cn.php
[ info ] [ LOG ] INIT File
[ 2020-03-27T23:12:04+08:00 ][ info ] [ LANG ] /Users/liudandan/www/learing/php/swoole/thinkphp/thinkphp/lang/zh-cn.php
[ info ] [ LOG ] INIT File
[ 2020-03-27T23:12:04+08:00 ][ info ] [ LANG ] /Users/liudandan/www/learing/php/swoole/thinkphp/thinkphp/lang/zh-cn.php
[ info ] [ LOG ] INIT File
[ 2020-03-27T23:12:04+08:00 ][ info ] [ LANG ] /Users/liudandan/www/learing/php/swoole/thinkphp/thinkphp/lang/zh-cn.php
[ info ] [ LOG ] INIT File
[ 2020-03-27T23:12:04+08:00 ][ info ] [ ROUTE ] array (
)
[ 2020-03-27T23:12:04+08:00 ][ info ] [ HEADER ] array (
)
[ 2020-03-27T23:12:04+08:00 ][ info ] [ ROUTE ] array (
)
[ 2020-03-27T23:12:04+08:00 ][ info ] [ ROUTE ] array (
)
[ 2020-03-27T23:12:04+08:00 ][ info ] [ HEADER ] array (
)
[ 2020-03-27T23:12:04+08:00 ][ info ] [ HEADER ] array (
)
[ 2020-03-27T23:12:04+08:00 ][ info ] [ PARAM ] array (
)
[ 2020-03-27T23:12:04+08:00 ][ info ] [ PARAM ] array (
)
[ 2020-03-27T23:12:04+08:00 ][ info ] [ PARAM ] array (
)
[ 2020-03-27T23:12:04+08:00 ][ info ] [ ROUTE ] array (
)
[ 2020-03-27T23:12:04+08:00 ][ info ] [ HEADER ] array (
)
[ 2020-03-27T23:12:04+08:00 ][ info ] [ PARAM ] array (
)
[ 2020-03-27T23:12:07+08:00 ][ info ] [ LANG ] /Users/liudandan/www/learing/php/swoole/thinkphp/thinkphp/lang/zh-cn.php
[ 2020-03-27T23:12:07+08:00 ][ info ] [ ROUTE ] array (
)
[ 2020-03-27T23:12:07+08:00 ][ info ] [ HEADER ] array (
)
[ 2020-03-27T23:12:07+08:00 ][ info ] [ PARAM ] array (
  'phone_num' => '18032257279',
  'code' => '',
)
[ 2020-03-27T23:12:21+08:00 ][ info ] [ LANG ] /Users/liudandan/www/learing/php/swoole/thinkphp/thinkphp/lang/zh-cn.php
[ 2020-03-27T23:12:21+08:00 ][ info ] [ ROUTE ] array (
)
[ 2020-03-27T23:12:21+08:00 ][ info ] [ HEADER ] array (
)
[ 2020-03-27T23:12:21+08:00 ][ info ] [ PARAM ] array (
  'phone_num' => '18032257279',
  'code' => '',
)
[ 2020-03-27T23:12:36+08:00 ][ info ] [ LANG ] /Users/liudandan/www/learing/php/swoole/thinkphp/thinkphp/lang/zh-cn.php
[ info ] [ LOG ] INIT File
[ 2020-03-27T23:12:36+08:00 ][ info ] [ LANG ] /Users/liudandan/www/learing/php/swoole/thinkphp/thinkphp/lang/zh-cn.php
[ info ] [ LOG ] INIT File
[ 2020-03-27T23:12:36+08:00 ][ info ] [ LANG ] /Users/liudandan/www/learing/php/swoole/thinkphp/thinkphp/lang/zh-cn.php
[ info ] [ LOG ] INIT File
[ 2020-03-27T23:12:36+08:00 ][ info ] [ LANG ] /Users/liudandan/www/learing/php/swoole/thinkphp/thinkphp/lang/zh-cn.php
[ info ] [ LOG ] INIT File
[ 2020-03-27T23:12:36+08:00 ][ info ] [ ROUTE ] array (
)
[ 2020-03-27T23:12:36+08:00 ][ info ] [ LANG ] /Users/liudandan/www/learing/php/swoole/thinkphp/thinkphp/lang/zh-cn.php
[ info ] [ LOG ] INIT File
[ 2020-03-27T23:12:36+08:00 ][ info ] [ ROUTE ] array (
)
[ 2020-03-27T23:12:36+08:00 ][ info ] [ ROUTE ] array (
)
[ 2020-03-27T23:12:36+08:00 ][ info ] [ HEADER ] array (
)
[ 2020-03-27T23:12:36+08:00 ][ info ] [ PARAM ] array (
)
[ 2020-03-27T23:12:36+08:00 ][ info ] [ ROUTE ] array (
)
[ 2020-03-27T23:12:36+08:00 ][ info ] [ HEADER ] array (
)
[ 2020-03-27T23:12:36+08:00 ][ info ] [ HEADER ] array (
)
[ 2020-03-27T23:12:36+08:00 ][ info ] [ PARAM ] array (
)
[ 2020-03-27T23:12:36+08:00 ][ info ] [ LANG ] /Users/liudandan/www/learing/php/swoole/thinkphp/thinkphp/lang/zh-cn.php
[ info ] [ LOG ] INIT File
[ 2020-03-27T23:12:36+08:00 ][ info ] [ ROUTE ] array (
)
[ 2020-03-27T23:12:36+08:00 ][ info ] [ PARAM ] array (
)
[ 2020-03-27T23:12:36+08:00 ][ info ] [ HEADER ] array (
)
[ 2020-03-27T23:12:36+08:00 ][ info ] [ PARAM ] array (
)
[ 2020-03-27T23:12:36+08:00 ][ info ] [ HEADER ] array (
)
[ 2020-03-27T23:12:36+08:00 ][ info ] [ PARAM ] array (
)
[ 2020-03-27T23:12:36+08:00 ][ info ] [ ROUTE ] array (
)
[ 2020-03-27T23:12:36+08:00 ][ info ] [ HEADER ] array (
)
[ 2020-03-27T23:12:36+08:00 ][ info ] [ PARAM ] array (
)
[ 2020-03-27T23:12:36+08:00 ][ info ] [ LANG ] /Users/liudandan/www/learing/php/swoole/thinkphp/thinkphp/lang/zh-cn.php
[ info ] [ LOG ] INIT File
[ 2020-03-27T23:12:36+08:00 ][ info ] [ ROUTE ] array (
)
[ 2020-03-27T23:12:36+08:00 ][ info ] [ HEADER ] array (
)
[ 2020-03-27T23:12:36+08:00 ][ info ] [ LANG ] /Users/liudandan/www/learing/php/swoole/thinkphp/thinkphp/lang/zh-cn.php
[ info ] [ LOG ] INIT File
[ 2020-03-27T23:12:36+08:00 ][ info ] [ PARAM ] array (
)
[ 2020-03-27T23:12:36+08:00 ][ info ] [ ROUTE ] array (
)
[ 2020-03-27T23:12:36+08:00 ][ info ] [ HEADER ] array (
)
[ 2020-03-27T23:12:36+08:00 ][ info ] [ PARAM ] array (
)
[ 2020-03-27T23:12:48+08:00 ][ info ] [ LANG ] /Users/liudandan/www/learing/php/swoole/thinkphp/thinkphp/lang/zh-cn.php
[ 2020-03-27T23:12:48+08:00 ][ info ] [ ROUTE ] array (
)
[ 2020-03-27T23:12:48+08:00 ][ info ] [ HEADER ] array (
)
[ 2020-03-27T23:12:48+08:00 ][ info ] [ PARAM ] array (
  'phone_num' => '18032257279',
)
[ 2020-03-27T23:14:48+08:00 ][ info ] [ LANG ] /Users/liudandan/www/learing/php/swoole/thinkphp/thinkphp/lang/zh-cn.php
[ info ] [ LOG ] INIT File
[ 2020-03-27T23:14:48+08:00 ][ info ] [ LANG ] /Users/liudandan/www/learing/php/swoole/thinkphp/thinkphp/lang/zh-cn.php
[ info ] [ LOG ] INIT File
[ 2020-03-27T23:14:48+08:00 ][ info ] [ LANG ] /Users/liudandan/www/learing/php/swoole/thinkphp/thinkphp/lang/zh-cn.php
[ info ] [ LOG ] INIT File
[ 2020-03-27T23:14:48+08:00 ][ info ] [ LANG ] /Users/liudandan/www/learing/php/swoole/thinkphp/thinkphp/lang/zh-cn.php
[ info ] [ LOG ] INIT File
[ 2020-03-27T23:14:48+08:00 ][ info ] [ LANG ] /Users/liudandan/www/learing/php/swoole/thinkphp/thinkphp/lang/zh-cn.php
[ info ] [ LOG ] INIT File
[ 2020-03-27T23:14:48+08:00 ][ info ] [ LANG ] /Users/liudandan/www/learing/php/swoole/thinkphp/thinkphp/lang/zh-cn.php
[ info ] [ LOG ] INIT File
[ 2020-03-27T23:14:48+08:00 ][ info ] [ LANG ] /Users/liudandan/www/learing/php/swoole/thinkphp/thinkphp/lang/zh-cn.php
[ info ] [ LOG ] INIT File
[ 2020-03-27T23:14:48+08:00 ][ info ] [ LANG ] /Users/liudandan/www/learing/php/swoole/thinkphp/thinkphp/lang/zh-cn.php
[ info ] [ LOG ] INIT File
[ 2020-03-27T23:14:48+08:00 ][ info ] [ ROUTE ] array (
)
[ 2020-03-27T23:14:48+08:00 ][ info ] [ ROUTE ] array (
)
[ 2020-03-27T23:14:48+08:00 ][ info ] [ ROUTE ] array (
)
[ 2020-03-27T23:14:48+08:00 ][ info ] [ ROUTE ] array (
)
[ 2020-03-27T23:14:48+08:00 ][ info ] [ ROUTE ] array (
)
[ 2020-03-27T23:14:48+08:00 ][ info ] [ HEADER ] array (
)
[ 2020-03-27T23:14:48+08:00 ][ info ] [ ROUTE ] array (
)
[ 2020-03-27T23:14:48+08:00 ][ info ] [ ROUTE ] array (
)
[ 2020-03-27T23:14:48+08:00 ][ info ] [ ROUTE ] array (
)
[ 2020-03-27T23:14:48+08:00 ][ info ] [ HEADER ] array (
)
[ 2020-03-27T23:14:48+08:00 ][ info ] [ HEADER ] array (
)
[ 2020-03-27T23:14:48+08:00 ][ info ] [ HEADER ] array (
)
[ 2020-03-27T23:14:48+08:00 ][ info ] [ HEADER ] array (
)
[ 2020-03-27T23:14:48+08:00 ][ info ] [ HEADER ] array (
)
[ 2020-03-27T23:14:48+08:00 ][ info ] [ PARAM ] array (
)
[ 2020-03-27T23:14:48+08:00 ][ info ] [ HEADER ] array (
)
[ 2020-03-27T23:14:48+08:00 ][ info ] [ HEADER ] array (
)
[ 2020-03-27T23:14:48+08:00 ][ info ] [ PARAM ] array (
)
[ 2020-03-27T23:14:48+08:00 ][ info ] [ PARAM ] array (
)
[ 2020-03-27T23:14:48+08:00 ][ info ] [ PARAM ] array (
)
[ 2020-03-27T23:14:48+08:00 ][ info ] [ PARAM ] array (
)
[ 2020-03-27T23:14:48+08:00 ][ info ] [ PARAM ] array (
)
[ 2020-03-27T23:14:48+08:00 ][ info ] [ PARAM ] array (
)
[ 2020-03-27T23:14:48+08:00 ][ info ] [ PARAM ] array (
)
[ 2020-03-27T23:14:58+08:00 ][ info ] [ LANG ] /Users/liudandan/www/learing/php/swoole/thinkphp/thinkphp/lang/zh-cn.php
[ 2020-03-27T23:14:58+08:00 ][ info ] [ ROUTE ] array (
)
[ 2020-03-27T23:14:58+08:00 ][ info ] [ HEADER ] array (
)
[ 2020-03-27T23:14:58+08:00 ][ info ] [ PARAM ] array (
  'phone_num' => '18032257279',
)
