[ 2020-03-28T23:06:29+08:00 ][ info ] [ LANG ] /Users/liudandan/www/learing/php/swoole/thinkphp/thinkphp/lang/zh-cn.php
[ 2020-03-28T23:06:29+08:00 ][ info ] [ ROUTE ] array (
)
[ 2020-03-28T23:06:29+08:00 ][ info ] [ HEADER ] array (
)
[ 2020-03-28T23:06:29+08:00 ][ info ] [ PARAM ] array (
  'phone_num' => '18032257279',
)
[ 2020-03-28T23:11:06+08:00 ][ info ] [ LANG ] /Users/liudandan/www/learing/php/swoole/thinkphp/thinkphp/lang/zh-cn.php
[ info ] [ LOG ] INIT File
[ 2020-03-28T23:11:06+08:00 ][ info ] [ LANG ] /Users/liudandan/www/learing/php/swoole/thinkphp/thinkphp/lang/zh-cn.php
[ info ] [ LOG ] INIT File
[ 2020-03-28T23:11:06+08:00 ][ info ] [ LANG ] /Users/liudandan/www/learing/php/swoole/thinkphp/thinkphp/lang/zh-cn.php
[ info ] [ LOG ] INIT File
[ 2020-03-28T23:11:06+08:00 ][ info ] [ LANG ] /Users/liudandan/www/learing/php/swoole/thinkphp/thinkphp/lang/zh-cn.php
[ info ] [ LOG ] INIT File
[ 2020-03-28T23:11:06+08:00 ][ info ] [ ROUTE ] array (
)
[ 2020-03-28T23:11:06+08:00 ][ info ] [ HEADER ] array (
)
[ 2020-03-28T23:11:06+08:00 ][ info ] [ LANG ] /Users/liudandan/www/learing/php/swoole/thinkphp/thinkphp/lang/zh-cn.php
[ info ] [ LOG ] INIT File
[ 2020-03-28T23:11:06+08:00 ][ info ] [ ROUTE ] array (
)
[ 2020-03-28T23:11:06+08:00 ][ info ] [ HEADER ] array (
)
[ 2020-03-28T23:11:06+08:00 ][ info ] [ PARAM ] array (
)
[ 2020-03-28T23:11:06+08:00 ][ info ] [ LANG ] /Users/liudandan/www/learing/php/swoole/thinkphp/thinkphp/lang/zh-cn.php
[ info ] [ LOG ] INIT File
[ 2020-03-28T23:11:06+08:00 ][ info ] [ ROUTE ] array (
)
[ 2020-03-28T23:11:06+08:00 ][ info ] [ PARAM ] array (
)
[ 2020-03-28T23:11:06+08:00 ][ info ] [ ROUTE ] array (
)
[ 2020-03-28T23:11:06+08:00 ][ info ] [ HEADER ] array (
)
[ 2020-03-28T23:11:06+08:00 ][ info ] [ PARAM ] array (
)
[ 2020-03-28T23:11:06+08:00 ][ info ] [ HEADER ] array (
)
[ 2020-03-28T23:11:06+08:00 ][ info ] [ PARAM ] array (
)
[ 2020-03-28T23:11:06+08:00 ][ info ] [ ROUTE ] array (
)
[ 2020-03-28T23:11:06+08:00 ][ info ] [ HEADER ] array (
)
[ 2020-03-28T23:11:06+08:00 ][ info ] [ ROUTE ] array (
)
[ 2020-03-28T23:11:06+08:00 ][ info ] [ PARAM ] array (
)
[ 2020-03-28T23:11:06+08:00 ][ info ] [ HEADER ] array (
)
[ 2020-03-28T23:11:06+08:00 ][ info ] [ PARAM ] array (
)
[ 2020-03-28T23:11:06+08:00 ][ info ] [ LANG ] /Users/liudandan/www/learing/php/swoole/thinkphp/thinkphp/lang/zh-cn.php
[ info ] [ LOG ] INIT File
[ 2020-03-28T23:11:06+08:00 ][ info ] [ LANG ] /Users/liudandan/www/learing/php/swoole/thinkphp/thinkphp/lang/zh-cn.php
[ info ] [ LOG ] INIT File
[ 2020-03-28T23:11:06+08:00 ][ info ] [ ROUTE ] array (
)
[ 2020-03-28T23:11:06+08:00 ][ info ] [ HEADER ] array (
)
[ 2020-03-28T23:11:06+08:00 ][ info ] [ ROUTE ] array (
)
[ 2020-03-28T23:11:06+08:00 ][ info ] [ PARAM ] array (
)
[ 2020-03-28T23:11:06+08:00 ][ info ] [ HEADER ] array (
)
[ 2020-03-28T23:11:06+08:00 ][ info ] [ PARAM ] array (
)
[ 2020-03-28T23:11:09+08:00 ][ info ] [ LANG ] /Users/liudandan/www/learing/php/swoole/thinkphp/thinkphp/lang/zh-cn.php
[ 2020-03-28T23:11:09+08:00 ][ info ] [ ROUTE ] array (
)
[ 2020-03-28T23:11:09+08:00 ][ info ] [ HEADER ] array (
)
[ 2020-03-28T23:11:09+08:00 ][ info ] [ PARAM ] array (
  'phone_num' => '18032257279',
)
[ 2020-03-28T23:12:01+08:00 ][ info ] [ LANG ] /Users/liudandan/www/learing/php/swoole/thinkphp/thinkphp/lang/zh-cn.php
[ 2020-03-28T23:12:01+08:00 ][ info ] [ ROUTE ] array (
)
[ 2020-03-28T23:12:01+08:00 ][ info ] [ HEADER ] array (
)
[ 2020-03-28T23:12:01+08:00 ][ info ] [ PARAM ] array (
  'phone_num' => '18032257279',
)
[ 2020-03-28T23:12:05+08:00 ][ info ] [ LANG ] /Users/liudandan/www/learing/php/swoole/thinkphp/thinkphp/lang/zh-cn.php
[ info ] [ LOG ] INIT File
[ 2020-03-28T23:12:05+08:00 ][ info ] [ LANG ] /Users/liudandan/www/learing/php/swoole/thinkphp/thinkphp/lang/zh-cn.php
[ info ] [ LOG ] INIT File
[ 2020-03-28T23:12:05+08:00 ][ info ] [ LANG ] /Users/liudandan/www/learing/php/swoole/thinkphp/thinkphp/lang/zh-cn.php
[ info ] [ LOG ] INIT File
[ 2020-03-28T23:12:05+08:00 ][ info ] [ LANG ] /Users/liudandan/www/learing/php/swoole/thinkphp/thinkphp/lang/zh-cn.php
[ info ] [ LOG ] INIT File
[ 2020-03-28T23:12:05+08:00 ][ info ] [ LANG ] /Users/liudandan/www/learing/php/swoole/thinkphp/thinkphp/lang/zh-cn.php
[ info ] [ LOG ] INIT File
[ 2020-03-28T23:12:05+08:00 ][ info ] [ ROUTE ] array (
)
[ 2020-03-28T23:12:05+08:00 ][ info ] [ ROUTE ] array (
)
[ 2020-03-28T23:12:05+08:00 ][ info ] [ HEADER ] array (
)
[ 2020-03-28T23:12:05+08:00 ][ info ] [ ROUTE ] array (
)
[ 2020-03-28T23:12:05+08:00 ][ info ] [ HEADER ] array (
)
[ 2020-03-28T23:12:05+08:00 ][ info ] [ PARAM ] array (
)
[ 2020-03-28T23:12:05+08:00 ][ info ] [ ROUTE ] array (
)
[ 2020-03-28T23:12:05+08:00 ][ info ] [ HEADER ] array (
)
[ 2020-03-28T23:12:05+08:00 ][ info ] [ PARAM ] array (
)
[ 2020-03-28T23:12:05+08:00 ][ info ] [ HEADER ] array (
)
[ 2020-03-28T23:12:05+08:00 ][ info ] [ PARAM ] array (
)
[ 2020-03-28T23:12:05+08:00 ][ info ] [ LANG ] /Users/liudandan/www/learing/php/swoole/thinkphp/thinkphp/lang/zh-cn.php
[ info ] [ LOG ] INIT File
[ 2020-03-28T23:12:05+08:00 ][ info ] [ LANG ] /Users/liudandan/www/learing/php/swoole/thinkphp/thinkphp/lang/zh-cn.php
[ info ] [ LOG ] INIT File
[ 2020-03-28T23:12:05+08:00 ][ info ] [ ROUTE ] array (
)
[ 2020-03-28T23:12:05+08:00 ][ info ] [ PARAM ] array (
)
[ 2020-03-28T23:12:05+08:00 ][ info ] [ HEADER ] array (
)
[ 2020-03-28T23:12:05+08:00 ][ info ] [ PARAM ] array (
)
[ 2020-03-28T23:12:05+08:00 ][ info ] [ ROUTE ] array (
)
[ 2020-03-28T23:12:05+08:00 ][ info ] [ ROUTE ] array (
)
[ 2020-03-28T23:12:05+08:00 ][ info ] [ HEADER ] array (
)
[ 2020-03-28T23:12:05+08:00 ][ info ] [ PARAM ] array (
)
[ 2020-03-28T23:12:05+08:00 ][ info ] [ HEADER ] array (
)
[ 2020-03-28T23:12:05+08:00 ][ info ] [ PARAM ] array (
)
[ 2020-03-28T23:12:05+08:00 ][ info ] [ LANG ] /Users/liudandan/www/learing/php/swoole/thinkphp/thinkphp/lang/zh-cn.php
[ info ] [ LOG ] INIT File
[ 2020-03-28T23:12:05+08:00 ][ info ] [ ROUTE ] array (
)
[ 2020-03-28T23:12:05+08:00 ][ info ] [ HEADER ] array (
)
[ 2020-03-28T23:12:05+08:00 ][ info ] [ PARAM ] array (
)
[ 2020-03-28T23:12:06+08:00 ][ info ] [ LANG ] /Users/liudandan/www/learing/php/swoole/thinkphp/thinkphp/lang/zh-cn.php
[ 2020-03-28T23:12:06+08:00 ][ info ] [ ROUTE ] array (
)
[ 2020-03-28T23:12:06+08:00 ][ info ] [ HEADER ] array (
)
[ 2020-03-28T23:12:06+08:00 ][ info ] [ PARAM ] array (
  'phone_num' => '18032257279',
)
[ 2020-03-28T23:12:07+08:00 ][ info ] [ LANG ] /Users/liudandan/www/learing/php/swoole/thinkphp/thinkphp/lang/zh-cn.php
[ 2020-03-28T23:12:07+08:00 ][ info ] [ ROUTE ] array (
)
[ 2020-03-28T23:12:07+08:00 ][ info ] [ HEADER ] array (
)
[ 2020-03-28T23:12:07+08:00 ][ info ] [ PARAM ] array (
  'phone_num' => '18032257279',
)
[ 2020-03-28T23:12:08+08:00 ][ info ] [ LANG ] /Users/liudandan/www/learing/php/swoole/thinkphp/thinkphp/lang/zh-cn.php
[ 2020-03-28T23:12:08+08:00 ][ info ] [ ROUTE ] array (
)
[ 2020-03-28T23:12:08+08:00 ][ info ] [ HEADER ] array (
)
[ 2020-03-28T23:12:08+08:00 ][ info ] [ PARAM ] array (
  'phone_num' => '18032257279',
)
[ 2020-03-28T23:12:21+08:00 ][ info ] [ LANG ] /Users/liudandan/www/learing/php/swoole/thinkphp/thinkphp/lang/zh-cn.php
[ info ] [ LOG ] INIT File
[ 2020-03-28T23:12:21+08:00 ][ info ] [ LANG ] /Users/liudandan/www/learing/php/swoole/thinkphp/thinkphp/lang/zh-cn.php
[ info ] [ LOG ] INIT File
[ 2020-03-28T23:12:21+08:00 ][ info ] [ ROUTE ] array (
)
[ 2020-03-28T23:12:21+08:00 ][ info ] [ HEADER ] array (
)
[ 2020-03-28T23:12:21+08:00 ][ info ] [ ROUTE ] array (
)
[ 2020-03-28T23:12:21+08:00 ][ info ] [ HEADER ] array (
)
[ 2020-03-28T23:12:21+08:00 ][ info ] [ LANG ] /Users/liudandan/www/learing/php/swoole/thinkphp/thinkphp/lang/zh-cn.php
[ info ] [ LOG ] INIT File
[ 2020-03-28T23:12:21+08:00 ][ info ] [ LANG ] /Users/liudandan/www/learing/php/swoole/thinkphp/thinkphp/lang/zh-cn.php
[ info ] [ LOG ] INIT File
[ 2020-03-28T23:12:21+08:00 ][ info ] [ LANG ] /Users/liudandan/www/learing/php/swoole/thinkphp/thinkphp/lang/zh-cn.php
[ info ] [ LOG ] INIT File
[ 2020-03-28T23:12:21+08:00 ][ info ] [ LANG ] /Users/liudandan/www/learing/php/swoole/thinkphp/thinkphp/lang/zh-cn.php
[ info ] [ LOG ] INIT File
[ 2020-03-28T23:12:21+08:00 ][ info ] [ PARAM ] array (
)
[ 2020-03-28T23:12:21+08:00 ][ info ] [ PARAM ] array (
)
[ 2020-03-28T23:12:21+08:00 ][ info ] [ ROUTE ] array (
)
[ 2020-03-28T23:12:21+08:00 ][ info ] [ ROUTE ] array (
)
[ 2020-03-28T23:12:21+08:00 ][ info ] [ HEADER ] array (
)
[ 2020-03-28T23:12:21+08:00 ][ info ] [ PARAM ] array (
)
[ 2020-03-28T23:12:21+08:00 ][ info ] [ HEADER ] array (
)
[ 2020-03-28T23:12:21+08:00 ][ info ] [ PARAM ] array (
)
[ 2020-03-28T23:12:21+08:00 ][ info ] [ ROUTE ] array (
)
[ 2020-03-28T23:12:21+08:00 ][ info ] [ ROUTE ] array (
)
[ 2020-03-28T23:12:21+08:00 ][ info ] [ HEADER ] array (
)
[ 2020-03-28T23:12:21+08:00 ][ info ] [ PARAM ] array (
)
[ 2020-03-28T23:12:21+08:00 ][ info ] [ HEADER ] array (
)
[ 2020-03-28T23:12:21+08:00 ][ info ] [ PARAM ] array (
)
[ 2020-03-28T23:12:21+08:00 ][ info ] [ LANG ] /Users/liudandan/www/learing/php/swoole/thinkphp/thinkphp/lang/zh-cn.php
[ info ] [ LOG ] INIT File
[ 2020-03-28T23:12:21+08:00 ][ info ] [ ROUTE ] array (
)
[ 2020-03-28T23:12:21+08:00 ][ info ] [ HEADER ] array (
)
[ 2020-03-28T23:12:21+08:00 ][ info ] [ PARAM ] array (
)
[ 2020-03-28T23:12:21+08:00 ][ info ] [ LANG ] /Users/liudandan/www/learing/php/swoole/thinkphp/thinkphp/lang/zh-cn.php
[ info ] [ LOG ] INIT File
[ 2020-03-28T23:12:21+08:00 ][ info ] [ ROUTE ] array (
)
[ 2020-03-28T23:12:21+08:00 ][ info ] [ HEADER ] array (
)
[ 2020-03-28T23:12:21+08:00 ][ info ] [ PARAM ] array (
)
[ 2020-03-28T23:12:24+08:00 ][ info ] [ LANG ] /Users/liudandan/www/learing/php/swoole/thinkphp/thinkphp/lang/zh-cn.php
[ 2020-03-28T23:12:24+08:00 ][ info ] [ ROUTE ] array (
)
[ 2020-03-28T23:12:24+08:00 ][ info ] [ HEADER ] array (
)
[ 2020-03-28T23:12:24+08:00 ][ info ] [ PARAM ] array (
  'phone_num' => '18032257279',
)
[ 2020-03-28T23:12:41+08:00 ][ info ] [ LANG ] /Users/liudandan/www/learing/php/swoole/thinkphp/thinkphp/lang/zh-cn.php
[ info ] [ LOG ] INIT File
[ 2020-03-28T23:12:41+08:00 ][ info ] [ LANG ] /Users/liudandan/www/learing/php/swoole/thinkphp/thinkphp/lang/zh-cn.php
[ info ] [ LOG ] INIT File
[ 2020-03-28T23:12:41+08:00 ][ info ] [ LANG ] /Users/liudandan/www/learing/php/swoole/thinkphp/thinkphp/lang/zh-cn.php
[ info ] [ LOG ] INIT File
[ 2020-03-28T23:12:41+08:00 ][ info ] [ LANG ] /Users/liudandan/www/learing/php/swoole/thinkphp/thinkphp/lang/zh-cn.php
[ info ] [ LOG ] INIT File
[ 2020-03-28T23:12:41+08:00 ][ info ] [ ROUTE ] array (
)
[ 2020-03-28T23:12:41+08:00 ][ info ] [ LANG ] /Users/liudandan/www/learing/php/swoole/thinkphp/thinkphp/lang/zh-cn.php
[ info ] [ LOG ] INIT File
[ 2020-03-28T23:12:41+08:00 ][ info ] [ HEADER ] array (
)
[ 2020-03-28T23:12:41+08:00 ][ info ] [ ROUTE ] array (
)
[ 2020-03-28T23:12:41+08:00 ][ info ] [ ROUTE ] array (
)
[ 2020-03-28T23:12:41+08:00 ][ info ] [ HEADER ] array (
)
[ 2020-03-28T23:12:41+08:00 ][ info ] [ PARAM ] array (
)
[ 2020-03-28T23:12:41+08:00 ][ info ] [ LANG ] /Users/liudandan/www/learing/php/swoole/thinkphp/thinkphp/lang/zh-cn.php
[ info ] [ LOG ] INIT File
[ 2020-03-28T23:12:41+08:00 ][ info ] [ PARAM ] array (
)
[ 2020-03-28T23:12:41+08:00 ][ info ] [ ROUTE ] array (
)
[ 2020-03-28T23:12:41+08:00 ][ info ] [ HEADER ] array (
)
[ 2020-03-28T23:12:41+08:00 ][ info ] [ HEADER ] array (
)
[ 2020-03-28T23:12:41+08:00 ][ info ] [ PARAM ] array (
)
[ 2020-03-28T23:12:41+08:00 ][ info ] [ LANG ] /Users/liudandan/www/learing/php/swoole/thinkphp/thinkphp/lang/zh-cn.php
[ info ] [ LOG ] INIT File
[ 2020-03-28T23:12:41+08:00 ][ info ] [ PARAM ] array (
)
[ 2020-03-28T23:12:41+08:00 ][ info ] [ ROUTE ] array (
)
[ 2020-03-28T23:12:41+08:00 ][ info ] [ HEADER ] array (
)
[ 2020-03-28T23:12:41+08:00 ][ info ] [ PARAM ] array (
)
[ 2020-03-28T23:12:41+08:00 ][ info ] [ ROUTE ] array (
)
[ 2020-03-28T23:12:41+08:00 ][ info ] [ HEADER ] array (
)
[ 2020-03-28T23:12:41+08:00 ][ info ] [ PARAM ] array (
)
[ 2020-03-28T23:12:41+08:00 ][ info ] [ LANG ] /Users/liudandan/www/learing/php/swoole/thinkphp/thinkphp/lang/zh-cn.php
[ info ] [ LOG ] INIT File
[ 2020-03-28T23:12:41+08:00 ][ info ] [ ROUTE ] array (
)
[ 2020-03-28T23:12:41+08:00 ][ info ] [ HEADER ] array (
)
[ 2020-03-28T23:12:41+08:00 ][ info ] [ PARAM ] array (
)
[ 2020-03-28T23:12:41+08:00 ][ info ] [ ROUTE ] array (
)
[ 2020-03-28T23:12:41+08:00 ][ info ] [ HEADER ] array (
)
[ 2020-03-28T23:12:41+08:00 ][ info ] [ PARAM ] array (
)
[ 2020-03-28T23:12:43+08:00 ][ info ] [ LANG ] /Users/liudandan/www/learing/php/swoole/thinkphp/thinkphp/lang/zh-cn.php
[ 2020-03-28T23:12:43+08:00 ][ info ] [ ROUTE ] array (
)
[ 2020-03-28T23:12:43+08:00 ][ info ] [ HEADER ] array (
)
[ 2020-03-28T23:12:43+08:00 ][ info ] [ PARAM ] array (
  'phone_num' => '18032257279',
)
[ 2020-03-28T23:12:44+08:00 ][ info ] [ LANG ] /Users/liudandan/www/learing/php/swoole/thinkphp/thinkphp/lang/zh-cn.php
[ 2020-03-28T23:12:44+08:00 ][ info ] [ ROUTE ] array (
)
[ 2020-03-28T23:12:44+08:00 ][ info ] [ HEADER ] array (
)
[ 2020-03-28T23:12:44+08:00 ][ info ] [ PARAM ] array (
  'phone_num' => '18032257279',
)
[ 2020-03-28T23:12:45+08:00 ][ info ] [ LANG ] /Users/liudandan/www/learing/php/swoole/thinkphp/thinkphp/lang/zh-cn.php
[ 2020-03-28T23:12:45+08:00 ][ info ] [ ROUTE ] array (
)
[ 2020-03-28T23:12:45+08:00 ][ info ] [ HEADER ] array (
)
[ 2020-03-28T23:12:45+08:00 ][ info ] [ PARAM ] array (
  'phone_num' => '18032257279',
)
[ 2020-03-28T23:12:45+08:00 ][ info ] [ LANG ] /Users/liudandan/www/learing/php/swoole/thinkphp/thinkphp/lang/zh-cn.php
[ 2020-03-28T23:12:45+08:00 ][ info ] [ ROUTE ] array (
)
[ 2020-03-28T23:12:45+08:00 ][ info ] [ HEADER ] array (
)
[ 2020-03-28T23:12:45+08:00 ][ info ] [ PARAM ] array (
  'phone_num' => '18032257279',
)
[ 2020-03-28T23:12:45+08:00 ][ info ] [ LANG ] /Users/liudandan/www/learing/php/swoole/thinkphp/thinkphp/lang/zh-cn.php
[ 2020-03-28T23:12:45+08:00 ][ info ] [ ROUTE ] array (
)
[ 2020-03-28T23:12:45+08:00 ][ info ] [ HEADER ] array (
)
[ 2020-03-28T23:12:45+08:00 ][ info ] [ PARAM ] array (
  'phone_num' => '18032257279',
)
[ 2020-03-28T23:12:45+08:00 ][ info ] [ LANG ] /Users/liudandan/www/learing/php/swoole/thinkphp/thinkphp/lang/zh-cn.php
[ 2020-03-28T23:12:45+08:00 ][ info ] [ ROUTE ] array (
)
[ 2020-03-28T23:12:45+08:00 ][ info ] [ HEADER ] array (
)
[ 2020-03-28T23:12:45+08:00 ][ info ] [ PARAM ] array (
  'phone_num' => '18032257279',
)
[ 2020-03-28T23:12:46+08:00 ][ info ] [ LANG ] /Users/liudandan/www/learing/php/swoole/thinkphp/thinkphp/lang/zh-cn.php
[ 2020-03-28T23:12:46+08:00 ][ info ] [ ROUTE ] array (
)
[ 2020-03-28T23:12:46+08:00 ][ info ] [ HEADER ] array (
)
[ 2020-03-28T23:12:46+08:00 ][ info ] [ PARAM ] array (
  'phone_num' => '18032257279',
)
[ 2020-03-28T23:12:46+08:00 ][ info ] [ LANG ] /Users/liudandan/www/learing/php/swoole/thinkphp/thinkphp/lang/zh-cn.php
[ 2020-03-28T23:12:46+08:00 ][ info ] [ ROUTE ] array (
)
[ 2020-03-28T23:12:46+08:00 ][ info ] [ HEADER ] array (
)
[ 2020-03-28T23:12:46+08:00 ][ info ] [ PARAM ] array (
  'phone_num' => '18032257279',
)
[ 2020-03-28T23:12:46+08:00 ][ info ] [ LANG ] /Users/liudandan/www/learing/php/swoole/thinkphp/thinkphp/lang/zh-cn.php
[ 2020-03-28T23:12:46+08:00 ][ info ] [ ROUTE ] array (
)
[ 2020-03-28T23:12:46+08:00 ][ info ] [ HEADER ] array (
)
[ 2020-03-28T23:12:46+08:00 ][ info ] [ PARAM ] array (
  'phone_num' => '18032257279',
)
[ 2020-03-28T23:12:49+08:00 ][ info ] [ LANG ] /Users/liudandan/www/learing/php/swoole/thinkphp/thinkphp/lang/zh-cn.php
[ info ] [ LOG ] INIT File
[ 2020-03-28T23:12:49+08:00 ][ info ] [ LANG ] /Users/liudandan/www/learing/php/swoole/thinkphp/thinkphp/lang/zh-cn.php
[ info ] [ LOG ] INIT File
[ 2020-03-28T23:12:49+08:00 ][ info ] [ LANG ] /Users/liudandan/www/learing/php/swoole/thinkphp/thinkphp/lang/zh-cn.php
[ info ] [ LOG ] INIT File
[ 2020-03-28T23:12:49+08:00 ][ info ] [ ROUTE ] array (
)
[ 2020-03-28T23:12:49+08:00 ][ info ] [ HEADER ] array (
)
[ 2020-03-28T23:12:49+08:00 ][ info ] [ PARAM ] array (
)
[ 2020-03-28T23:12:49+08:00 ][ info ] [ LANG ] /Users/liudandan/www/learing/php/swoole/thinkphp/thinkphp/lang/zh-cn.php
[ info ] [ LOG ] INIT File
[ 2020-03-28T23:12:49+08:00 ][ info ] [ LANG ] /Users/liudandan/www/learing/php/swoole/thinkphp/thinkphp/lang/zh-cn.php
[ info ] [ LOG ] INIT File
[ 2020-03-28T23:12:49+08:00 ][ info ] [ LANG ] /Users/liudandan/www/learing/php/swoole/thinkphp/thinkphp/lang/zh-cn.php
[ info ] [ LOG ] INIT File
[ 2020-03-28T23:12:49+08:00 ][ info ] [ ROUTE ] array (
)
[ 2020-03-28T23:12:49+08:00 ][ info ] [ HEADER ] array (
)
[ 2020-03-28T23:12:49+08:00 ][ info ] [ ROUTE ] array (
)
[ 2020-03-28T23:12:49+08:00 ][ info ] [ HEADER ] array (
)
[ 2020-03-28T23:12:49+08:00 ][ info ] [ PARAM ] array (
)
[ 2020-03-28T23:12:49+08:00 ][ info ] [ ROUTE ] array (
)
[ 2020-03-28T23:12:49+08:00 ][ info ] [ HEADER ] array (
)
[ 2020-03-28T23:12:49+08:00 ][ info ] [ LANG ] /Users/liudandan/www/learing/php/swoole/thinkphp/thinkphp/lang/zh-cn.php
[ info ] [ LOG ] INIT File
[ 2020-03-28T23:12:49+08:00 ][ info ] [ PARAM ] array (
)
[ 2020-03-28T23:12:49+08:00 ][ info ] [ ROUTE ] array (
)
[ 2020-03-28T23:12:49+08:00 ][ info ] [ PARAM ] array (
)
[ 2020-03-28T23:12:49+08:00 ][ info ] [ HEADER ] array (
)
[ 2020-03-28T23:12:49+08:00 ][ info ] [ PARAM ] array (
)
[ 2020-03-28T23:12:49+08:00 ][ info ] [ ROUTE ] array (
)
[ 2020-03-28T23:12:49+08:00 ][ info ] [ HEADER ] array (
)
[ 2020-03-28T23:12:49+08:00 ][ info ] [ PARAM ] array (
)
[ 2020-03-28T23:12:49+08:00 ][ info ] [ ROUTE ] array (
)
[ 2020-03-28T23:12:49+08:00 ][ info ] [ HEADER ] array (
)
[ 2020-03-28T23:12:49+08:00 ][ info ] [ PARAM ] array (
)
[ 2020-03-28T23:12:49+08:00 ][ info ] [ LANG ] /Users/liudandan/www/learing/php/swoole/thinkphp/thinkphp/lang/zh-cn.php
[ info ] [ LOG ] INIT File
[ 2020-03-28T23:12:49+08:00 ][ info ] [ ROUTE ] array (
)
[ 2020-03-28T23:12:49+08:00 ][ info ] [ HEADER ] array (
)
[ 2020-03-28T23:12:49+08:00 ][ info ] [ PARAM ] array (
)
[ 2020-03-28T23:12:51+08:00 ][ info ] [ LANG ] /Users/liudandan/www/learing/php/swoole/thinkphp/thinkphp/lang/zh-cn.php
[ 2020-03-28T23:12:51+08:00 ][ info ] [ ROUTE ] array (
)
[ 2020-03-28T23:12:51+08:00 ][ info ] [ HEADER ] array (
)
[ 2020-03-28T23:12:51+08:00 ][ info ] [ PARAM ] array (
  'phone_num' => '18032257279',
)
[ 2020-03-28T23:12:52+08:00 ][ info ] [ LANG ] /Users/liudandan/www/learing/php/swoole/thinkphp/thinkphp/lang/zh-cn.php
[ 2020-03-28T23:12:52+08:00 ][ info ] [ ROUTE ] array (
)
[ 2020-03-28T23:12:52+08:00 ][ info ] [ HEADER ] array (
)
[ 2020-03-28T23:12:52+08:00 ][ info ] [ PARAM ] array (
  'phone_num' => '18032257279',
)
[ 2020-03-28T23:12:52+08:00 ][ info ] [ LANG ] /Users/liudandan/www/learing/php/swoole/thinkphp/thinkphp/lang/zh-cn.php
[ 2020-03-28T23:12:52+08:00 ][ info ] [ ROUTE ] array (
)
[ 2020-03-28T23:12:52+08:00 ][ info ] [ HEADER ] array (
)
[ 2020-03-28T23:12:52+08:00 ][ info ] [ PARAM ] array (
  'phone_num' => '18032257279',
)
[ 2020-03-28T23:12:52+08:00 ][ info ] [ LANG ] /Users/liudandan/www/learing/php/swoole/thinkphp/thinkphp/lang/zh-cn.php
[ 2020-03-28T23:12:52+08:00 ][ info ] [ ROUTE ] array (
)
[ 2020-03-28T23:12:52+08:00 ][ info ] [ HEADER ] array (
)
[ 2020-03-28T23:12:52+08:00 ][ info ] [ PARAM ] array (
  'phone_num' => '18032257279',
)
[ 2020-03-28T23:12:52+08:00 ][ info ] [ LANG ] /Users/liudandan/www/learing/php/swoole/thinkphp/thinkphp/lang/zh-cn.php
[ 2020-03-28T23:12:52+08:00 ][ info ] [ ROUTE ] array (
)
[ 2020-03-28T23:12:52+08:00 ][ info ] [ HEADER ] array (
)
[ 2020-03-28T23:12:52+08:00 ][ info ] [ PARAM ] array (
  'phone_num' => '18032257279',
)
[ 2020-03-28T23:12:52+08:00 ][ info ] [ LANG ] /Users/liudandan/www/learing/php/swoole/thinkphp/thinkphp/lang/zh-cn.php
[ 2020-03-28T23:12:52+08:00 ][ info ] [ ROUTE ] array (
)
[ 2020-03-28T23:12:52+08:00 ][ info ] [ HEADER ] array (
)
[ 2020-03-28T23:12:52+08:00 ][ info ] [ PARAM ] array (
  'phone_num' => '18032257279',
)
[ 2020-03-28T23:12:53+08:00 ][ info ] [ LANG ] /Users/liudandan/www/learing/php/swoole/thinkphp/thinkphp/lang/zh-cn.php
[ 2020-03-28T23:12:53+08:00 ][ info ] [ ROUTE ] array (
)
[ 2020-03-28T23:12:53+08:00 ][ info ] [ HEADER ] array (
)
[ 2020-03-28T23:12:53+08:00 ][ info ] [ PARAM ] array (
  'phone_num' => '18032257279',
)
[ 2020-03-28T23:13:35+08:00 ][ info ] [ LANG ] /Users/liudandan/www/learing/php/swoole/thinkphp/thinkphp/lang/zh-cn.php
[ info ] [ LOG ] INIT File
[ 2020-03-28T23:13:35+08:00 ][ info ] [ LANG ] /Users/liudandan/www/learing/php/swoole/thinkphp/thinkphp/lang/zh-cn.php
[ info ] [ LOG ] INIT File
[ 2020-03-28T23:13:35+08:00 ][ info ] [ LANG ] /Users/liudandan/www/learing/php/swoole/thinkphp/thinkphp/lang/zh-cn.php
[ info ] [ LOG ] INIT File
[ 2020-03-28T23:13:35+08:00 ][ info ] [ ROUTE ] array (
)
[ 2020-03-28T23:13:35+08:00 ][ info ] [ HEADER ] array (
)
[ 2020-03-28T23:13:35+08:00 ][ info ] [ ROUTE ] array (
)
[ 2020-03-28T23:13:35+08:00 ][ info ] [ LANG ] /Users/liudandan/www/learing/php/swoole/thinkphp/thinkphp/lang/zh-cn.php
[ info ] [ LOG ] INIT File
[ 2020-03-28T23:13:35+08:00 ][ info ] [ HEADER ] array (
)
[ 2020-03-28T23:13:35+08:00 ][ info ] [ PARAM ] array (
)
[ 2020-03-28T23:13:35+08:00 ][ info ] [ LANG ] /Users/liudandan/www/learing/php/swoole/thinkphp/thinkphp/lang/zh-cn.php
[ info ] [ LOG ] INIT File
[ 2020-03-28T23:13:35+08:00 ][ info ] [ PARAM ] array (
)
[ 2020-03-28T23:13:35+08:00 ][ info ] [ ROUTE ] array (
)
[ 2020-03-28T23:13:35+08:00 ][ info ] [ HEADER ] array (
)
[ 2020-03-28T23:13:35+08:00 ][ info ] [ PARAM ] array (
)
[ 2020-03-28T23:13:35+08:00 ][ info ] [ ROUTE ] array (
)
[ 2020-03-28T23:13:35+08:00 ][ info ] [ HEADER ] array (
)
[ 2020-03-28T23:13:35+08:00 ][ info ] [ PARAM ] array (
)
[ 2020-03-28T23:13:35+08:00 ][ info ] [ ROUTE ] array (
)
[ 2020-03-28T23:13:35+08:00 ][ info ] [ HEADER ] array (
)
[ 2020-03-28T23:13:35+08:00 ][ info ] [ LANG ] /Users/liudandan/www/learing/php/swoole/thinkphp/thinkphp/lang/zh-cn.php
[ info ] [ LOG ] INIT File
[ 2020-03-28T23:13:35+08:00 ][ info ] [ PARAM ] array (
)
[ 2020-03-28T23:13:35+08:00 ][ info ] [ LANG ] /Users/liudandan/www/learing/php/swoole/thinkphp/thinkphp/lang/zh-cn.php
[ info ] [ LOG ] INIT File
[ 2020-03-28T23:13:35+08:00 ][ info ] [ ROUTE ] array (
)
[ 2020-03-28T23:13:35+08:00 ][ info ] [ HEADER ] array (
)
[ 2020-03-28T23:13:35+08:00 ][ info ] [ PARAM ] array (
)
[ 2020-03-28T23:13:35+08:00 ][ info ] [ ROUTE ] array (
)
[ 2020-03-28T23:13:35+08:00 ][ info ] [ HEADER ] array (
)
[ 2020-03-28T23:13:35+08:00 ][ info ] [ PARAM ] array (
)
[ 2020-03-28T23:13:35+08:00 ][ info ] [ LANG ] /Users/liudandan/www/learing/php/swoole/thinkphp/thinkphp/lang/zh-cn.php
[ info ] [ LOG ] INIT File
[ 2020-03-28T23:13:35+08:00 ][ info ] [ ROUTE ] array (
)
[ 2020-03-28T23:13:35+08:00 ][ info ] [ HEADER ] array (
)
[ 2020-03-28T23:13:35+08:00 ][ info ] [ PARAM ] array (
)
[ 2020-03-28T23:13:36+08:00 ][ info ] [ LANG ] /Users/liudandan/www/learing/php/swoole/thinkphp/thinkphp/lang/zh-cn.php
[ 2020-03-28T23:13:36+08:00 ][ info ] [ ROUTE ] array (
)
[ 2020-03-28T23:13:36+08:00 ][ info ] [ HEADER ] array (
)
[ 2020-03-28T23:13:36+08:00 ][ info ] [ PARAM ] array (
  'phone_num' => '18032257279',
)
[ 2020-03-28T23:13:36+08:00 ][ error ] [1]Uncaught Error: Call to undefined function GuzzleHttp\json_encode() in /Users/liudandan/www/learing/php/swoole/thinkphp/application/index/controller/Send.php:28
Stack trace:
#0 [internal function]: app\index\controller\Send->index()
#1 /Users/liudandan/www/learing/php/swoole/thinkphp/thinkphp/library/think/Container.php(186): ReflectionMethod->invokeArgs(Object(app\index\controller\Send), Array)
#2 /Users/liudandan/www/learing/php/swoole/thinkphp/thinkphp/library/think/route/dispatch/Module.php(126): think\Container->invokeMethod(Array, Array)
#3 /Users/liudandan/www/learing/php/swoole/thinkphp/thinkphp/library/think/route/dispatch/Url.php(26): think\route\dispatch\Module->run()
#4 /Users/liudandan/www/learing/php/swoole/thinkphp/thinkphp/library/think/App.php(309): think\route\dispatch\Url->run()
#5 /Users/liudandan/www/learing/php/swoole/thinkphp/server/ws.php(84): think\App->run()
#6 {main}
  thrown[/Users/liudandan/www/learing/php/swoole/thinkphp/application/index/controller/Send.php:28]
[ 2020-03-28T23:14:13+08:00 ][ info ] [ LANG ] /Users/liudandan/www/learing/php/swoole/thinkphp/thinkphp/lang/zh-cn.php
[ info ] [ LOG ] INIT File
[ 2020-03-28T23:14:13+08:00 ][ info ] [ ROUTE ] array (
)
[ 2020-03-28T23:14:13+08:00 ][ info ] [ HEADER ] array (
)
[ 2020-03-28T23:14:13+08:00 ][ info ] [ PARAM ] array (
)
