[ 2020-04-18T23:03:10+08:00 ][ info ] [ LANG ] /Users/liudandan/www/learing/php/Framework/swoole/thinkphp/thinkphp/lang/zh-cn.php
[ info ] [ LOG ] INIT File
[ 2020-04-18T23:03:10+08:00 ][ info ] [ LANG ] /Users/liudandan/www/learing/php/Framework/swoole/thinkphp/thinkphp/lang/zh-cn.php
[ info ] [ LOG ] INIT File
[ 2020-04-18T23:03:10+08:00 ][ info ] [ LANG ] /Users/liudandan/www/learing/php/Framework/swoole/thinkphp/thinkphp/lang/zh-cn.php
[ info ] [ LOG ] INIT File
[ 2020-04-18T23:03:10+08:00 ][ info ] [ LANG ] /Users/liudandan/www/learing/php/Framework/swoole/thinkphp/thinkphp/lang/zh-cn.php
[ info ] [ LOG ] INIT File
[ error ] [1]Uncaught think\exception\ErrorException: mkdir(): File exists in /Users/liudandan/www/learing/php/Framework/swoole/thinkphp/thinkphp/library/think/log/driver/File.php:54
Stack trace:
#0 [internal function]: think\Error::appError(2, 'mkdir(): File e...', '/Users/liudanda...', 54, Array)
#1 /Users/liudandan/www/learing/php/Framework/swoole/thinkphp/thinkphp/library/think/log/driver/File.php(54): mkdir('/Users/liudanda...', 493, true)
#2 /Users/liudandan/www/learing/php/Framework/swoole/thinkphp/thinkphp/library/think/Log.php(177): think\log\driver\File->save(Array)
#3 /Users/liudandan/www/learing/php/Framework/swoole/thinkphp/thinkphp/library/think/Log.php(102): think\Log->save()
#4 /Users/liudandan/www/learing/php/Framework/swoole/thinkphp/thinkphp/library/think/Log.php(65): think\Log->record('[ LOG ] INIT Fi...')
#5 /Users/liudandan/www/learing/php/Framework/swoole/thinkphp/thinkphp/library/think/Log.php(153): think\Log->init(Array)
#6 /Users/liudandan/www/learing/php/Framework/swoole/thinkphp/thinkphp/librar[/Users/liudandan/www/learing/php/Framework/swoole/thinkphp/thinkphp/library/think/log/driver/File.php:54]
[ 2020-04-18T23:03:10+08:00 ][ info ] [ LANG ] /Users/liudandan/www/learing/php/Framework/swoole/thinkphp/thinkphp/lang/zh-cn.php
[ info ] [ LOG ] INIT File
[ error ] [1]Uncaught think\exception\ErrorException: mkdir(): File exists in /Users/liudandan/www/learing/php/Framework/swoole/thinkphp/thinkphp/library/think/log/driver/File.php:54
Stack trace:
#0 [internal function]: think\Error::appError(2, 'mkdir(): File e...', '/Users/liudanda...', 54, Array)
#1 /Users/liudandan/www/learing/php/Framework/swoole/thinkphp/thinkphp/library/think/log/driver/File.php(54): mkdir('/Users/liudanda...', 493, true)
#2 /Users/liudandan/www/learing/php/Framework/swoole/thinkphp/thinkphp/library/think/Log.php(177): think\log\driver\File->save(Array)
#3 /Users/liudandan/www/learing/php/Framework/swoole/thinkphp/thinkphp/library/think/Log.php(102): think\Log->save()
#4 /Users/liudandan/www/learing/php/Framework/swoole/thinkphp/thinkphp/library/think/Log.php(65): think\Log->record('[ LOG ] INIT Fi...')
#5 /Users/liudandan/www/learing/php/Framework/swoole/thinkphp/thinkphp/library/think/Log.php(153): think\Log->init(Array)
#6 /Users/liudandan/www/learing/php/Framework/swoole/thinkphp/thinkphp/librar[/Users/liudandan/www/learing/php/Framework/swoole/thinkphp/thinkphp/library/think/log/driver/File.php:54]
[ 2020-04-18T23:03:10+08:00 ][ info ] [ LANG ] /Users/liudandan/www/learing/php/Framework/swoole/thinkphp/thinkphp/lang/zh-cn.php
[ info ] [ LOG ] INIT File
[ error ] [1]Uncaught think\exception\ErrorException: mkdir(): File exists in /Users/liudandan/www/learing/php/Framework/swoole/thinkphp/thinkphp/library/think/log/driver/File.php:54
Stack trace:
#0 [internal function]: think\Error::appError(2, 'mkdir(): File e...', '/Users/liudanda...', 54, Array)
#1 /Users/liudandan/www/learing/php/Framework/swoole/thinkphp/thinkphp/library/think/log/driver/File.php(54): mkdir('/Users/liudanda...', 493, true)
#2 /Users/liudandan/www/learing/php/Framework/swoole/thinkphp/thinkphp/library/think/Log.php(177): think\log\driver\File->save(Array)
#3 /Users/liudandan/www/learing/php/Framework/swoole/thinkphp/thinkphp/library/think/Log.php(102): think\Log->save()
#4 /Users/liudandan/www/learing/php/Framework/swoole/thinkphp/thinkphp/library/think/Log.php(65): think\Log->record('[ LOG ] INIT Fi...')
#5 /Users/liudandan/www/learing/php/Framework/swoole/thinkphp/thinkphp/library/think/Log.php(153): think\Log->init(Array)
#6 /Users/liudandan/www/learing/php/Framework/swoole/thinkphp/thinkphp/librar[/Users/liudandan/www/learing/php/Framework/swoole/thinkphp/thinkphp/library/think/log/driver/File.php:54]
[ 2020-04-18T23:03:10+08:00 ][ info ] [ LANG ] /Users/liudandan/www/learing/php/Framework/swoole/thinkphp/thinkphp/lang/zh-cn.php
[ info ] [ LOG ] INIT File
[ error ] [1]Uncaught think\exception\ErrorException: mkdir(): File exists in /Users/liudandan/www/learing/php/Framework/swoole/thinkphp/thinkphp/library/think/log/driver/File.php:54
Stack trace:
#0 [internal function]: think\Error::appError(2, 'mkdir(): File e...', '/Users/liudanda...', 54, Array)
#1 /Users/liudandan/www/learing/php/Framework/swoole/thinkphp/thinkphp/library/think/log/driver/File.php(54): mkdir('/Users/liudanda...', 493, true)
#2 /Users/liudandan/www/learing/php/Framework/swoole/thinkphp/thinkphp/library/think/Log.php(177): think\log\driver\File->save(Array)
#3 /Users/liudandan/www/learing/php/Framework/swoole/thinkphp/thinkphp/library/think/Log.php(102): think\Log->save()
#4 /Users/liudandan/www/learing/php/Framework/swoole/thinkphp/thinkphp/library/think/Log.php(65): think\Log->record('[ LOG ] INIT Fi...')
#5 /Users/liudandan/www/learing/php/Framework/swoole/thinkphp/thinkphp/library/think/Log.php(153): think\Log->init(Array)
#6 /Users/liudandan/www/learing/php/Framework/swoole/thinkphp/thinkphp/librar[/Users/liudandan/www/learing/php/Framework/swoole/thinkphp/thinkphp/library/think/log/driver/File.php:54]
[ 2020-04-18T23:03:10+08:00 ][ info ] [ LANG ] /Users/liudandan/www/learing/php/Framework/swoole/thinkphp/thinkphp/lang/zh-cn.php
[ info ] [ LOG ] INIT File
[ error ] [1]Uncaught think\exception\ErrorException: mkdir(): File exists in /Users/liudandan/www/learing/php/Framework/swoole/thinkphp/thinkphp/library/think/log/driver/File.php:54
Stack trace:
#0 [internal function]: think\Error::appError(2, 'mkdir(): File e...', '/Users/liudanda...', 54, Array)
#1 /Users/liudandan/www/learing/php/Framework/swoole/thinkphp/thinkphp/library/think/log/driver/File.php(54): mkdir('/Users/liudanda...', 493, true)
#2 /Users/liudandan/www/learing/php/Framework/swoole/thinkphp/thinkphp/library/think/Log.php(177): think\log\driver\File->save(Array)
#3 /Users/liudandan/www/learing/php/Framework/swoole/thinkphp/thinkphp/library/think/Log.php(102): think\Log->save()
#4 /Users/liudandan/www/learing/php/Framework/swoole/thinkphp/thinkphp/library/think/Log.php(65): think\Log->record('[ LOG ] INIT Fi...')
#5 /Users/liudandan/www/learing/php/Framework/swoole/thinkphp/thinkphp/library/think/Log.php(153): think\Log->init(Array)
#6 /Users/liudandan/www/learing/php/Framework/swoole/thinkphp/thinkphp/librar[/Users/liudandan/www/learing/php/Framework/swoole/thinkphp/thinkphp/library/think/log/driver/File.php:54]
[ 2020-04-18T23:03:10+08:00 ][ info ] [ ROUTE ] array (
)
[ 2020-04-18T23:03:10+08:00 ][ info ] [ ROUTE ] array (
)
[ 2020-04-18T23:03:10+08:00 ][ info ] [ HEADER ] array (
)
[ 2020-04-18T23:03:10+08:00 ][ info ] [ ROUTE ] array (
)
[ 2020-04-18T23:03:10+08:00 ][ info ] [ HEADER ] array (
)
[ 2020-04-18T23:03:10+08:00 ][ info ] [ PARAM ] array (
)
[ 2020-04-18T23:03:10+08:00 ][ info ] [ HEADER ] array (
)
[ 2020-04-18T23:03:10+08:00 ][ info ] [ PARAM ] array (
)
[ 2020-04-18T23:03:10+08:00 ][ info ] [ PARAM ] array (
)
[ 2020-04-18T23:04:12+08:00 ][ info ] [ LANG ] /Users/liudandan/www/learing/php/Framework/swoole/thinkphp/thinkphp/lang/zh-cn.php
[ info ] [ LOG ] INIT File
[ 2020-04-18T23:04:12+08:00 ][ info ] [ LANG ] /Users/liudandan/www/learing/php/Framework/swoole/thinkphp/thinkphp/lang/zh-cn.php
[ info ] [ LOG ] INIT File
[ 2020-04-18T23:04:12+08:00 ][ info ] [ LANG ] /Users/liudandan/www/learing/php/Framework/swoole/thinkphp/thinkphp/lang/zh-cn.php
[ info ] [ LOG ] INIT File
[ 2020-04-18T23:04:12+08:00 ][ info ] [ LANG ] /Users/liudandan/www/learing/php/Framework/swoole/thinkphp/thinkphp/lang/zh-cn.php
[ info ] [ LOG ] INIT File
[ 2020-04-18T23:04:12+08:00 ][ info ] [ LANG ] /Users/liudandan/www/learing/php/Framework/swoole/thinkphp/thinkphp/lang/zh-cn.php
[ info ] [ LOG ] INIT File
[ 2020-04-18T23:04:12+08:00 ][ info ] [ LANG ] /Users/liudandan/www/learing/php/Framework/swoole/thinkphp/thinkphp/lang/zh-cn.php
[ info ] [ LOG ] INIT File
[ 2020-04-18T23:04:12+08:00 ][ info ] [ LANG ] /Users/liudandan/www/learing/php/Framework/swoole/thinkphp/thinkphp/lang/zh-cn.php
[ info ] [ LOG ] INIT File
[ 2020-04-18T23:04:12+08:00 ][ info ] [ LANG ] /Users/liudandan/www/learing/php/Framework/swoole/thinkphp/thinkphp/lang/zh-cn.php
[ info ] [ LOG ] INIT File
[ 2020-04-18T23:04:12+08:00 ][ info ] [ ROUTE ] array (
)
[ 2020-04-18T23:04:12+08:00 ][ info ] [ HEADER ] array (
)
[ 2020-04-18T23:04:12+08:00 ][ info ] [ ROUTE ] array (
)
[ 2020-04-18T23:04:12+08:00 ][ info ] [ PARAM ] array (
)
[ 2020-04-18T23:04:12+08:00 ][ info ] [ ROUTE ] array (
)
[ 2020-04-18T23:04:12+08:00 ][ info ] [ ROUTE ] array (
)
[ 2020-04-18T23:04:12+08:00 ][ info ] [ ROUTE ] array (
)
[ 2020-04-18T23:04:12+08:00 ][ info ] [ ROUTE ] array (
)
[ 2020-04-18T23:04:12+08:00 ][ info ] [ ROUTE ] array (
)
[ 2020-04-18T23:04:12+08:00 ][ info ] [ ROUTE ] array (
)
[ 2020-04-18T23:04:12+08:00 ][ info ] [ HEADER ] array (
)
[ 2020-04-18T23:04:12+08:00 ][ info ] [ HEADER ] array (
)
[ 2020-04-18T23:04:12+08:00 ][ info ] [ HEADER ] array (
)
[ 2020-04-18T23:04:12+08:00 ][ info ] [ HEADER ] array (
)
[ 2020-04-18T23:04:12+08:00 ][ info ] [ HEADER ] array (
)
[ 2020-04-18T23:04:12+08:00 ][ info ] [ PARAM ] array (
)
[ 2020-04-18T23:04:12+08:00 ][ info ] [ HEADER ] array (
)
[ 2020-04-18T23:04:12+08:00 ][ info ] [ PARAM ] array (
)
[ 2020-04-18T23:04:12+08:00 ][ info ] [ HEADER ] array (
)
[ 2020-04-18T23:04:12+08:00 ][ info ] [ PARAM ] array (
)
[ 2020-04-18T23:04:12+08:00 ][ info ] [ PARAM ] array (
)
[ 2020-04-18T23:04:12+08:00 ][ info ] [ PARAM ] array (
)
[ 2020-04-18T23:04:12+08:00 ][ info ] [ PARAM ] array (
)
[ 2020-04-18T23:04:12+08:00 ][ info ] [ PARAM ] array (
)
[ 2020-04-18T23:04:42+08:00 ][ info ] [ LANG ] /Users/liudandan/www/learing/php/Framework/swoole/thinkphp/thinkphp/lang/zh-cn.php
[ 2020-04-18T23:04:42+08:00 ][ info ] [ ROUTE ] array (
)
[ 2020-04-18T23:04:42+08:00 ][ info ] [ HEADER ] array (
)
[ 2020-04-18T23:04:42+08:00 ][ info ] [ PARAM ] array (
)
[ 2020-04-18T23:04:42+08:00 ][ info ] [ LANG ] /Users/liudandan/www/learing/php/Framework/swoole/thinkphp/thinkphp/lang/zh-cn.php
[ 2020-04-18T23:04:42+08:00 ][ info ] [ ROUTE ] array (
)
[ 2020-04-18T23:04:42+08:00 ][ info ] [ HEADER ] array (
)
[ 2020-04-18T23:04:42+08:00 ][ info ] [ PARAM ] array (
)
