[ 2020-04-04T18:34:53+08:00 ][ info ] [ LANG ] /Users/liudandan/www/learing/php/swoole/thinkphp/thinkphp/lang/zh-cn.php
[ info ] [ LOG ] INIT File
[ 2020-04-04T18:34:53+08:00 ][ info ] [ LANG ] /Users/liudandan/www/learing/php/swoole/thinkphp/thinkphp/lang/zh-cn.php
[ info ] [ LOG ] INIT File
[ 2020-04-04T18:34:53+08:00 ][ info ] [ LANG ] /Users/liudandan/www/learing/php/swoole/thinkphp/thinkphp/lang/zh-cn.php
[ info ] [ LOG ] INIT File
[ 2020-04-04T18:34:53+08:00 ][ info ] [ LANG ] /Users/liudandan/www/learing/php/swoole/thinkphp/thinkphp/lang/zh-cn.php
[ info ] [ LOG ] INIT File
[ 2020-04-04T18:34:53+08:00 ][ info ] [ LANG ] /Users/liudandan/www/learing/php/swoole/thinkphp/thinkphp/lang/zh-cn.php
[ info ] [ LOG ] INIT File
[ 2020-04-04T18:34:53+08:00 ][ info ] [ LANG ] /Users/liudandan/www/learing/php/swoole/thinkphp/thinkphp/lang/zh-cn.php
[ info ] [ LOG ] INIT File
[ 2020-04-04T18:34:53+08:00 ][ info ] [ LANG ] /Users/liudandan/www/learing/php/swoole/thinkphp/thinkphp/lang/zh-cn.php
[ info ] [ LOG ] INIT File
[ error ] [1]Uncaught think\exception\ErrorException: mkdir(): File exists in /Users/liudandan/www/learing/php/swoole/thinkphp/thinkphp/library/think/log/driver/File.php:54
Stack trace:
#0 [internal function]: think\Error::appError(2, 'mkdir(): File e...', '/Users/liudanda...', 54, Array)
#1 /Users/liudandan/www/learing/php/swoole/thinkphp/thinkphp/library/think/log/driver/File.php(54): mkdir('/Users/liudanda...', 493, true)
#2 /Users/liudandan/www/learing/php/swoole/thinkphp/thinkphp/library/think/Log.php(177): think\log\driver\File->save(Array)
#3 /Users/liudandan/www/learing/php/swoole/thinkphp/thinkphp/library/think/Log.php(102): think\Log->save()
#4 /Users/liudandan/www/learing/php/swoole/thinkphp/thinkphp/library/think/Log.php(65): think\Log->record('[ LOG ] INIT Fi...')
#5 /Users/liudandan/www/learing/php/swoole/thinkphp/thinkphp/library/think/Log.php(153): think\Log->init(Array)
#6 /Users/liudandan/www/learing/php/swoole/thinkphp/thinkphp/library/think/Log.php(102): think\Log->save()
#7 /Users/liudandan/www/learin[/Users/liudandan/www/learing/php/swoole/thinkphp/thinkphp/library/think/log/driver/File.php:54]
[ 2020-04-04T18:34:53+08:00 ][ info ] [ LANG ] /Users/liudandan/www/learing/php/swoole/thinkphp/thinkphp/lang/zh-cn.php
[ info ] [ LOG ] INIT File
[ error ] [1]Uncaught think\exception\ErrorException: mkdir(): File exists in /Users/liudandan/www/learing/php/swoole/thinkphp/thinkphp/library/think/log/driver/File.php:54
Stack trace:
#0 [internal function]: think\Error::appError(2, 'mkdir(): File e...', '/Users/liudanda...', 54, Array)
#1 /Users/liudandan/www/learing/php/swoole/thinkphp/thinkphp/library/think/log/driver/File.php(54): mkdir('/Users/liudanda...', 493, true)
#2 /Users/liudandan/www/learing/php/swoole/thinkphp/thinkphp/library/think/Log.php(177): think\log\driver\File->save(Array)
#3 /Users/liudandan/www/learing/php/swoole/thinkphp/thinkphp/library/think/Log.php(102): think\Log->save()
#4 /Users/liudandan/www/learing/php/swoole/thinkphp/thinkphp/library/think/Log.php(65): think\Log->record('[ LOG ] INIT Fi...')
#5 /Users/liudandan/www/learing/php/swoole/thinkphp/thinkphp/library/think/Log.php(153): think\Log->init(Array)
#6 /Users/liudandan/www/learing/php/swoole/thinkphp/thinkphp/library/think/Log.php(102): think\Log->save()
#7 /Users/liudandan/www/learin[/Users/liudandan/www/learing/php/swoole/thinkphp/thinkphp/library/think/log/driver/File.php:54]
[ 2020-04-04T18:34:53+08:00 ][ info ] [ ROUTE ] array (
)
[ 2020-04-04T18:34:53+08:00 ][ info ] [ ROUTE ] array (
)
[ 2020-04-04T18:34:53+08:00 ][ info ] [ ROUTE ] array (
)
[ 2020-04-04T18:34:53+08:00 ][ info ] [ ROUTE ] array (
)
[ 2020-04-04T18:34:53+08:00 ][ info ] [ ROUTE ] array (
)
[ 2020-04-04T18:34:53+08:00 ][ info ] [ ROUTE ] array (
)
[ 2020-04-04T18:34:53+08:00 ][ info ] [ HEADER ] array (
)
[ 2020-04-04T18:34:53+08:00 ][ info ] [ HEADER ] array (
)
[ 2020-04-04T18:34:53+08:00 ][ info ] [ HEADER ] array (
)
[ 2020-04-04T18:34:53+08:00 ][ info ] [ HEADER ] array (
)
[ 2020-04-04T18:34:53+08:00 ][ info ] [ PARAM ] array (
)
[ 2020-04-04T18:34:53+08:00 ][ info ] [ PARAM ] array (
)
[ 2020-04-04T18:34:53+08:00 ][ info ] [ HEADER ] array (
)
[ 2020-04-04T18:34:53+08:00 ][ info ] [ HEADER ] array (
)
[ 2020-04-04T18:34:53+08:00 ][ info ] [ PARAM ] array (
)
[ 2020-04-04T18:34:53+08:00 ][ info ] [ PARAM ] array (
)
[ 2020-04-04T18:34:53+08:00 ][ info ] [ PARAM ] array (
)
[ 2020-04-04T18:34:53+08:00 ][ info ] [ PARAM ] array (
)
[ 2020-04-04T18:37:41+08:00 ][ info ] [ LANG ] /Users/liudandan/www/learing/php/swoole/thinkphp/thinkphp/lang/zh-cn.php
[ info ] [ LOG ] INIT File
[ 2020-04-04T18:37:41+08:00 ][ info ] [ LANG ] /Users/liudandan/www/learing/php/swoole/thinkphp/thinkphp/lang/zh-cn.php
[ info ] [ LOG ] INIT File
[ 2020-04-04T18:37:41+08:00 ][ info ] [ LANG ] /Users/liudandan/www/learing/php/swoole/thinkphp/thinkphp/lang/zh-cn.php
[ info ] [ LOG ] INIT File
[ 2020-04-04T18:37:41+08:00 ][ info ] [ LANG ] /Users/liudandan/www/learing/php/swoole/thinkphp/thinkphp/lang/zh-cn.php
[ info ] [ LOG ] INIT File
[ 2020-04-04T18:37:41+08:00 ][ info ] [ LANG ] /Users/liudandan/www/learing/php/swoole/thinkphp/thinkphp/lang/zh-cn.php
[ info ] [ LOG ] INIT File
[ 2020-04-04T18:37:41+08:00 ][ info ] [ LANG ] /Users/liudandan/www/learing/php/swoole/thinkphp/thinkphp/lang/zh-cn.php
[ info ] [ LOG ] INIT File
[ 2020-04-04T18:37:41+08:00 ][ info ] [ LANG ] /Users/liudandan/www/learing/php/swoole/thinkphp/thinkphp/lang/zh-cn.php
[ info ] [ LOG ] INIT File
[ 2020-04-04T18:37:41+08:00 ][ info ] [ LANG ] /Users/liudandan/www/learing/php/swoole/thinkphp/thinkphp/lang/zh-cn.php
[ info ] [ LOG ] INIT File
[ 2020-04-04T18:37:41+08:00 ][ info ] [ ROUTE ] array (
)
[ 2020-04-04T18:37:41+08:00 ][ info ] [ ROUTE ] array (
)
[ 2020-04-04T18:37:41+08:00 ][ info ] [ ROUTE ] array (
)
[ 2020-04-04T18:37:41+08:00 ][ info ] [ HEADER ] array (
)
[ 2020-04-04T18:37:41+08:00 ][ info ] [ ROUTE ] array (
)
[ 2020-04-04T18:37:41+08:00 ][ info ] [ ROUTE ] array (
)
[ 2020-04-04T18:37:41+08:00 ][ info ] [ ROUTE ] array (
)
[ 2020-04-04T18:37:41+08:00 ][ info ] [ ROUTE ] array (
)
[ 2020-04-04T18:37:41+08:00 ][ info ] [ ROUTE ] array (
)
[ 2020-04-04T18:37:41+08:00 ][ info ] [ HEADER ] array (
)
[ 2020-04-04T18:37:41+08:00 ][ info ] [ HEADER ] array (
)
[ 2020-04-04T18:37:41+08:00 ][ info ] [ HEADER ] array (
)
[ 2020-04-04T18:37:41+08:00 ][ info ] [ PARAM ] array (
)
[ 2020-04-04T18:37:41+08:00 ][ info ] [ HEADER ] array (
)
[ 2020-04-04T18:37:41+08:00 ][ info ] [ HEADER ] array (
)
[ 2020-04-04T18:37:41+08:00 ][ info ] [ HEADER ] array (
)
[ 2020-04-04T18:37:41+08:00 ][ info ] [ HEADER ] array (
)
[ 2020-04-04T18:37:41+08:00 ][ info ] [ PARAM ] array (
)
[ 2020-04-04T18:37:41+08:00 ][ info ] [ PARAM ] array (
)
[ 2020-04-04T18:37:41+08:00 ][ info ] [ PARAM ] array (
)
[ 2020-04-04T18:37:41+08:00 ][ info ] [ PARAM ] array (
)
[ 2020-04-04T18:37:41+08:00 ][ info ] [ PARAM ] array (
)
[ 2020-04-04T18:37:41+08:00 ][ info ] [ PARAM ] array (
)
[ 2020-04-04T18:37:41+08:00 ][ info ] [ PARAM ] array (
)
[ 2020-04-04T18:38:00+08:00 ][ info ] [ LANG ] /Users/liudandan/www/learing/php/swoole/thinkphp/thinkphp/lang/zh-cn.php
[ 2020-04-04T18:38:00+08:00 ][ info ] [ ROUTE ] array (
)
[ 2020-04-04T18:38:00+08:00 ][ info ] [ HEADER ] array (
)
[ 2020-04-04T18:38:00+08:00 ][ info ] [ PARAM ] array (
)
[ 2020-04-04T18:38:01+08:00 ][ info ] [ LANG ] /Users/liudandan/www/learing/php/swoole/thinkphp/thinkphp/lang/zh-cn.php
[ 2020-04-04T18:38:01+08:00 ][ info ] [ ROUTE ] array (
)
[ 2020-04-04T18:38:01+08:00 ][ info ] [ HEADER ] array (
)
[ 2020-04-04T18:38:01+08:00 ][ info ] [ PARAM ] array (
)
[ 2020-04-04T18:38:21+08:00 ][ info ] [ LANG ] /Users/liudandan/www/learing/php/swoole/thinkphp/thinkphp/lang/zh-cn.php
[ 2020-04-04T18:38:21+08:00 ][ info ] [ ROUTE ] array (
)
[ 2020-04-04T18:38:21+08:00 ][ info ] [ HEADER ] array (
)
[ 2020-04-04T18:38:21+08:00 ][ info ] [ PARAM ] array (
  'phone_num' => '18032257279',
)
[ 2020-04-04T18:59:02+08:00 ][ info ] [ LANG ] /Users/liudandan/www/learing/php/swoole/thinkphp/thinkphp/lang/zh-cn.php
[ info ] [ LOG ] INIT File
[ 2020-04-04T18:59:02+08:00 ][ info ] [ LANG ] /Users/liudandan/www/learing/php/swoole/thinkphp/thinkphp/lang/zh-cn.php
[ info ] [ LOG ] INIT File
[ 2020-04-04T18:59:02+08:00 ][ info ] [ LANG ] /Users/liudandan/www/learing/php/swoole/thinkphp/thinkphp/lang/zh-cn.php
[ info ] [ LOG ] INIT File
[ 2020-04-04T18:59:02+08:00 ][ info ] [ LANG ] /Users/liudandan/www/learing/php/swoole/thinkphp/thinkphp/lang/zh-cn.php
[ info ] [ LOG ] INIT File
[ 2020-04-04T18:59:02+08:00 ][ info ] [ LANG ] /Users/liudandan/www/learing/php/swoole/thinkphp/thinkphp/lang/zh-cn.php
[ info ] [ LOG ] INIT File
[ 2020-04-04T18:59:02+08:00 ][ info ] [ LANG ] /Users/liudandan/www/learing/php/swoole/thinkphp/thinkphp/lang/zh-cn.php
[ info ] [ LOG ] INIT File
[ 2020-04-04T18:59:02+08:00 ][ info ] [ LANG ] /Users/liudandan/www/learing/php/swoole/thinkphp/thinkphp/lang/zh-cn.php
[ info ] [ LOG ] INIT File
[ 2020-04-04T18:59:02+08:00 ][ info ] [ LANG ] /Users/liudandan/www/learing/php/swoole/thinkphp/thinkphp/lang/zh-cn.php
[ info ] [ LOG ] INIT File
[ 2020-04-04T18:59:02+08:00 ][ info ] [ ROUTE ] array (
)
[ 2020-04-04T18:59:02+08:00 ][ info ] [ ROUTE ] array (
)
[ 2020-04-04T18:59:02+08:00 ][ info ] [ ROUTE ] array (
)
[ 2020-04-04T18:59:02+08:00 ][ info ] [ HEADER ] array (
)
[ 2020-04-04T18:59:02+08:00 ][ info ] [ HEADER ] array (
)
[ 2020-04-04T18:59:02+08:00 ][ info ] [ ROUTE ] array (
)
[ 2020-04-04T18:59:02+08:00 ][ info ] [ ROUTE ] array (
)
[ 2020-04-04T18:59:02+08:00 ][ info ] [ ROUTE ] array (
)
[ 2020-04-04T18:59:02+08:00 ][ info ] [ ROUTE ] array (
)
[ 2020-04-04T18:59:02+08:00 ][ info ] [ ROUTE ] array (
)
[ 2020-04-04T18:59:02+08:00 ][ info ] [ HEADER ] array (
)
[ 2020-04-04T18:59:02+08:00 ][ info ] [ PARAM ] array (
)
[ 2020-04-04T18:59:02+08:00 ][ info ] [ HEADER ] array (
)
[ 2020-04-04T18:59:02+08:00 ][ info ] [ HEADER ] array (
)
[ 2020-04-04T18:59:02+08:00 ][ info ] [ PARAM ] array (
)
[ 2020-04-04T18:59:02+08:00 ][ info ] [ PARAM ] array (
)
[ 2020-04-04T18:59:02+08:00 ][ info ] [ PARAM ] array (
)
[ 2020-04-04T18:59:02+08:00 ][ info ] [ HEADER ] array (
)
[ 2020-04-04T18:59:02+08:00 ][ info ] [ PARAM ] array (
)
[ 2020-04-04T18:59:02+08:00 ][ info ] [ PARAM ] array (
)
[ 2020-04-04T18:59:02+08:00 ][ info ] [ HEADER ] array (
)
[ 2020-04-04T18:59:02+08:00 ][ info ] [ HEADER ] array (
)
[ 2020-04-04T18:59:02+08:00 ][ info ] [ PARAM ] array (
)
[ 2020-04-04T18:59:02+08:00 ][ info ] [ PARAM ] array (
)
[ 2020-04-04T19:03:27+08:00 ][ info ] [ LANG ] /Users/liudandan/www/learing/php/swoole/thinkphp/thinkphp/lang/zh-cn.php
[ info ] [ LOG ] INIT File
[ 2020-04-04T19:03:27+08:00 ][ info ] [ LANG ] /Users/liudandan/www/learing/php/swoole/thinkphp/thinkphp/lang/zh-cn.php
[ info ] [ LOG ] INIT File
[ 2020-04-04T19:03:27+08:00 ][ info ] [ LANG ] /Users/liudandan/www/learing/php/swoole/thinkphp/thinkphp/lang/zh-cn.php
[ info ] [ LOG ] INIT File
[ 2020-04-04T19:03:27+08:00 ][ info ] [ ROUTE ] array (
)
[ 2020-04-04T19:03:27+08:00 ][ info ] [ HEADER ] array (
)
[ 2020-04-04T19:03:27+08:00 ][ info ] [ ROUTE ] array (
)
[ 2020-04-04T19:03:27+08:00 ][ info ] [ HEADER ] array (
)
[ 2020-04-04T19:03:27+08:00 ][ info ] [ PARAM ] array (
)
[ 2020-04-04T19:03:27+08:00 ][ info ] [ LANG ] /Users/liudandan/www/learing/php/swoole/thinkphp/thinkphp/lang/zh-cn.php
[ info ] [ LOG ] INIT File
[ 2020-04-04T19:03:27+08:00 ][ info ] [ ROUTE ] array (
)
[ 2020-04-04T19:03:27+08:00 ][ info ] [ PARAM ] array (
)
[ 2020-04-04T19:03:27+08:00 ][ info ] [ HEADER ] array (
)
[ 2020-04-04T19:03:27+08:00 ][ info ] [ PARAM ] array (
)
[ 2020-04-04T19:03:27+08:00 ][ info ] [ LANG ] /Users/liudandan/www/learing/php/swoole/thinkphp/thinkphp/lang/zh-cn.php
[ info ] [ LOG ] INIT File
[ 2020-04-04T19:03:27+08:00 ][ info ] [ LANG ] /Users/liudandan/www/learing/php/swoole/thinkphp/thinkphp/lang/zh-cn.php
[ info ] [ LOG ] INIT File
[ 2020-04-04T19:03:27+08:00 ][ info ] [ LANG ] /Users/liudandan/www/learing/php/swoole/thinkphp/thinkphp/lang/zh-cn.php
[ info ] [ LOG ] INIT File
[ 2020-04-04T19:03:27+08:00 ][ info ] [ ROUTE ] array (
)
[ 2020-04-04T19:03:27+08:00 ][ info ] [ HEADER ] array (
)
[ 2020-04-04T19:03:27+08:00 ][ info ] [ PARAM ] array (
)
[ 2020-04-04T19:03:27+08:00 ][ info ] [ ROUTE ] array (
)
[ 2020-04-04T19:03:27+08:00 ][ info ] [ HEADER ] array (
)
[ 2020-04-04T19:03:27+08:00 ][ info ] [ ROUTE ] array (
)
[ 2020-04-04T19:03:27+08:00 ][ info ] [ PARAM ] array (
)
[ 2020-04-04T19:03:27+08:00 ][ info ] [ HEADER ] array (
)
[ 2020-04-04T19:03:27+08:00 ][ info ] [ PARAM ] array (
)
[ 2020-04-04T19:03:27+08:00 ][ info ] [ ROUTE ] array (
)
[ 2020-04-04T19:03:27+08:00 ][ info ] [ HEADER ] array (
)
[ 2020-04-04T19:03:27+08:00 ][ info ] [ PARAM ] array (
)
[ 2020-04-04T19:03:27+08:00 ][ info ] [ LANG ] /Users/liudandan/www/learing/php/swoole/thinkphp/thinkphp/lang/zh-cn.php
[ info ] [ LOG ] INIT File
[ 2020-04-04T19:03:27+08:00 ][ info ] [ ROUTE ] array (
)
[ 2020-04-04T19:03:27+08:00 ][ info ] [ HEADER ] array (
)
[ 2020-04-04T19:03:27+08:00 ][ info ] [ PARAM ] array (
)
[ 2020-04-04T19:03:46+08:00 ][ info ] [ LANG ] /Users/liudandan/www/learing/php/swoole/thinkphp/thinkphp/lang/zh-cn.php
[ 2020-04-04T19:03:46+08:00 ][ info ] [ ROUTE ] array (
)
[ 2020-04-04T19:03:46+08:00 ][ info ] [ HEADER ] array (
)
[ 2020-04-04T19:03:46+08:00 ][ info ] [ PARAM ] array (
  'phone_num' => '18032257279',
)
[ 2020-04-04T19:04:15+08:00 ][ info ] [ LANG ] /Users/liudandan/www/learing/php/swoole/thinkphp/thinkphp/lang/zh-cn.php
[ info ] [ LOG ] INIT File
[ 2020-04-04T19:04:15+08:00 ][ info ] [ LANG ] /Users/liudandan/www/learing/php/swoole/thinkphp/thinkphp/lang/zh-cn.php
[ info ] [ LOG ] INIT File
[ 2020-04-04T19:04:15+08:00 ][ info ] [ LANG ] /Users/liudandan/www/learing/php/swoole/thinkphp/thinkphp/lang/zh-cn.php
[ info ] [ LOG ] INIT File
[ 2020-04-04T19:04:15+08:00 ][ info ] [ LANG ] /Users/liudandan/www/learing/php/swoole/thinkphp/thinkphp/lang/zh-cn.php
[ info ] [ LOG ] INIT File
[ 2020-04-04T19:04:15+08:00 ][ info ] [ LANG ] /Users/liudandan/www/learing/php/swoole/thinkphp/thinkphp/lang/zh-cn.php
[ info ] [ LOG ] INIT File
[ 2020-04-04T19:04:15+08:00 ][ info ] [ LANG ] /Users/liudandan/www/learing/php/swoole/thinkphp/thinkphp/lang/zh-cn.php
[ info ] [ LOG ] INIT File
[ 2020-04-04T19:04:15+08:00 ][ info ] [ LANG ] /Users/liudandan/www/learing/php/swoole/thinkphp/thinkphp/lang/zh-cn.php
[ info ] [ LOG ] INIT File
[ 2020-04-04T19:04:15+08:00 ][ info ] [ LANG ] /Users/liudandan/www/learing/php/swoole/thinkphp/thinkphp/lang/zh-cn.php
[ info ] [ LOG ] INIT File
[ 2020-04-04T19:04:15+08:00 ][ info ] [ ROUTE ] array (
)
[ 2020-04-04T19:04:15+08:00 ][ info ] [ ROUTE ] array (
)
[ 2020-04-04T19:04:15+08:00 ][ info ] [ ROUTE ] array (
)
[ 2020-04-04T19:04:15+08:00 ][ info ] [ ROUTE ] array (
)
[ 2020-04-04T19:04:15+08:00 ][ info ] [ ROUTE ] array (
)
[ 2020-04-04T19:04:15+08:00 ][ info ] [ ROUTE ] array (
)
[ 2020-04-04T19:04:15+08:00 ][ info ] [ HEADER ] array (
)
[ 2020-04-04T19:04:15+08:00 ][ info ] [ ROUTE ] array (
)
[ 2020-04-04T19:04:15+08:00 ][ info ] [ HEADER ] array (
)
[ 2020-04-04T19:04:15+08:00 ][ info ] [ HEADER ] array (
)
[ 2020-04-04T19:04:15+08:00 ][ info ] [ ROUTE ] array (
)
[ 2020-04-04T19:04:15+08:00 ][ info ] [ HEADER ] array (
)
[ 2020-04-04T19:04:15+08:00 ][ info ] [ HEADER ] array (
)
[ 2020-04-04T19:04:15+08:00 ][ info ] [ HEADER ] array (
)
[ 2020-04-04T19:04:15+08:00 ][ info ] [ PARAM ] array (
)
[ 2020-04-04T19:04:15+08:00 ][ info ] [ PARAM ] array (
)
[ 2020-04-04T19:04:15+08:00 ][ info ] [ PARAM ] array (
)
[ 2020-04-04T19:04:15+08:00 ][ info ] [ HEADER ] array (
)
[ 2020-04-04T19:04:15+08:00 ][ info ] [ PARAM ] array (
)
[ 2020-04-04T19:04:15+08:00 ][ info ] [ PARAM ] array (
)
[ 2020-04-04T19:04:15+08:00 ][ info ] [ HEADER ] array (
)
[ 2020-04-04T19:04:15+08:00 ][ info ] [ PARAM ] array (
)
[ 2020-04-04T19:04:15+08:00 ][ info ] [ PARAM ] array (
)
[ 2020-04-04T19:04:15+08:00 ][ info ] [ PARAM ] array (
)
[ 2020-04-04T19:04:24+08:00 ][ info ] [ LANG ] /Users/liudandan/www/learing/php/swoole/thinkphp/thinkphp/lang/zh-cn.php
[ 2020-04-04T19:04:25+08:00 ][ info ] [ ROUTE ] array (
)
[ 2020-04-04T19:04:25+08:00 ][ info ] [ HEADER ] array (
)
[ 2020-04-04T19:04:25+08:00 ][ info ] [ PARAM ] array (
  'phone_num' => '18032257279',
)
[ 2020-04-04T19:05:40+08:00 ][ info ] [ LANG ] /Users/liudandan/www/learing/php/swoole/thinkphp/thinkphp/lang/zh-cn.php
[ info ] [ LOG ] INIT File
[ 2020-04-04T19:05:40+08:00 ][ info ] [ LANG ] /Users/liudandan/www/learing/php/swoole/thinkphp/thinkphp/lang/zh-cn.php
[ info ] [ LOG ] INIT File
[ 2020-04-04T19:05:40+08:00 ][ info ] [ LANG ] /Users/liudandan/www/learing/php/swoole/thinkphp/thinkphp/lang/zh-cn.php
[ info ] [ LOG ] INIT File
[ 2020-04-04T19:05:40+08:00 ][ info ] [ LANG ] /Users/liudandan/www/learing/php/swoole/thinkphp/thinkphp/lang/zh-cn.php
[ info ] [ LOG ] INIT File
[ 2020-04-04T19:05:40+08:00 ][ info ] [ LANG ] /Users/liudandan/www/learing/php/swoole/thinkphp/thinkphp/lang/zh-cn.php
[ info ] [ LOG ] INIT File
[ 2020-04-04T19:05:40+08:00 ][ info ] [ LANG ] /Users/liudandan/www/learing/php/swoole/thinkphp/thinkphp/lang/zh-cn.php
[ info ] [ LOG ] INIT File
[ 2020-04-04T19:05:40+08:00 ][ info ] [ LANG ] /Users/liudandan/www/learing/php/swoole/thinkphp/thinkphp/lang/zh-cn.php
[ info ] [ LOG ] INIT File
[ 2020-04-04T19:05:40+08:00 ][ info ] [ LANG ] /Users/liudandan/www/learing/php/swoole/thinkphp/thinkphp/lang/zh-cn.php
[ info ] [ LOG ] INIT File
[ 2020-04-04T19:05:40+08:00 ][ info ] [ ROUTE ] array (
)
[ 2020-04-04T19:05:40+08:00 ][ info ] [ ROUTE ] array (
)
[ 2020-04-04T19:05:40+08:00 ][ info ] [ ROUTE ] array (
)
[ 2020-04-04T19:05:40+08:00 ][ info ] [ ROUTE ] array (
)
[ 2020-04-04T19:05:40+08:00 ][ info ] [ ROUTE ] array (
)
[ 2020-04-04T19:05:40+08:00 ][ info ] [ ROUTE ] array (
)
[ 2020-04-04T19:05:40+08:00 ][ info ] [ HEADER ] array (
)
[ 2020-04-04T19:05:40+08:00 ][ info ] [ HEADER ] array (
)
[ 2020-04-04T19:05:40+08:00 ][ info ] [ ROUTE ] array (
)
[ 2020-04-04T19:05:40+08:00 ][ info ] [ ROUTE ] array (
)
[ 2020-04-04T19:05:40+08:00 ][ info ] [ HEADER ] array (
)
[ 2020-04-04T19:05:40+08:00 ][ info ] [ HEADER ] array (
)
[ 2020-04-04T19:05:40+08:00 ][ info ] [ HEADER ] array (
)
[ 2020-04-04T19:05:40+08:00 ][ info ] [ HEADER ] array (
)
[ 2020-04-04T19:05:40+08:00 ][ info ] [ PARAM ] array (
)
[ 2020-04-04T19:05:40+08:00 ][ info ] [ PARAM ] array (
)
[ 2020-04-04T19:05:40+08:00 ][ info ] [ HEADER ] array (
)
[ 2020-04-04T19:05:40+08:00 ][ info ] [ PARAM ] array (
)
[ 2020-04-04T19:05:40+08:00 ][ info ] [ HEADER ] array (
)
[ 2020-04-04T19:05:40+08:00 ][ info ] [ PARAM ] array (
)
[ 2020-04-04T19:05:40+08:00 ][ info ] [ PARAM ] array (
)
[ 2020-04-04T19:05:40+08:00 ][ info ] [ PARAM ] array (
)
[ 2020-04-04T19:05:40+08:00 ][ info ] [ PARAM ] array (
)
[ 2020-04-04T19:05:40+08:00 ][ info ] [ PARAM ] array (
)
[ 2020-04-04T19:05:45+08:00 ][ info ] [ LANG ] /Users/liudandan/www/learing/php/swoole/thinkphp/thinkphp/lang/zh-cn.php
[ 2020-04-04T19:05:45+08:00 ][ info ] [ ROUTE ] array (
)
[ 2020-04-04T19:05:45+08:00 ][ info ] [ HEADER ] array (
)
[ 2020-04-04T19:05:45+08:00 ][ info ] [ PARAM ] array (
  'phone_num' => '18032257279',
)
[ 2020-04-04T19:59:53+08:00 ][ info ] [ LANG ] /Users/liudandan/www/learing/php/swoole/thinkphp/thinkphp/lang/zh-cn.php
[ info ] [ LOG ] INIT File
[ 2020-04-04T19:59:53+08:00 ][ info ] [ LANG ] /Users/liudandan/www/learing/php/swoole/thinkphp/thinkphp/lang/zh-cn.php
[ info ] [ LOG ] INIT File
[ 2020-04-04T19:59:53+08:00 ][ info ] [ LANG ] /Users/liudandan/www/learing/php/swoole/thinkphp/thinkphp/lang/zh-cn.php
[ info ] [ LOG ] INIT File
[ 2020-04-04T19:59:53+08:00 ][ info ] [ LANG ] /Users/liudandan/www/learing/php/swoole/thinkphp/thinkphp/lang/zh-cn.php
[ info ] [ LOG ] INIT File
[ 2020-04-04T19:59:53+08:00 ][ info ] [ LANG ] /Users/liudandan/www/learing/php/swoole/thinkphp/thinkphp/lang/zh-cn.php
[ info ] [ LOG ] INIT File
[ 2020-04-04T19:59:53+08:00 ][ info ] [ LANG ] /Users/liudandan/www/learing/php/swoole/thinkphp/thinkphp/lang/zh-cn.php
[ info ] [ LOG ] INIT File
[ 2020-04-04T19:59:53+08:00 ][ info ] [ LANG ] /Users/liudandan/www/learing/php/swoole/thinkphp/thinkphp/lang/zh-cn.php
[ info ] [ LOG ] INIT File
[ 2020-04-04T19:59:53+08:00 ][ info ] [ LANG ] /Users/liudandan/www/learing/php/swoole/thinkphp/thinkphp/lang/zh-cn.php
[ info ] [ LOG ] INIT File
[ 2020-04-04T19:59:53+08:00 ][ info ] [ ROUTE ] array (
)
[ 2020-04-04T19:59:53+08:00 ][ info ] [ ROUTE ] array (
)
[ 2020-04-04T19:59:53+08:00 ][ info ] [ ROUTE ] array (
)
[ 2020-04-04T19:59:53+08:00 ][ info ] [ ROUTE ] array (
)
[ 2020-04-04T19:59:53+08:00 ][ info ] [ ROUTE ] array (
)
[ 2020-04-04T19:59:53+08:00 ][ info ] [ ROUTE ] array (
)
[ 2020-04-04T19:59:53+08:00 ][ info ] [ ROUTE ] array (
)
[ 2020-04-04T19:59:53+08:00 ][ info ] [ ROUTE ] array (
)
[ 2020-04-04T19:59:53+08:00 ][ info ] [ HEADER ] array (
)
[ 2020-04-04T19:59:53+08:00 ][ info ] [ HEADER ] array (
)
[ 2020-04-04T19:59:53+08:00 ][ info ] [ PARAM ] array (
)
[ 2020-04-04T19:59:53+08:00 ][ info ] [ HEADER ] array (
)
[ 2020-04-04T19:59:53+08:00 ][ info ] [ HEADER ] array (
)
[ 2020-04-04T19:59:53+08:00 ][ info ] [ HEADER ] array (
)
[ 2020-04-04T19:59:53+08:00 ][ info ] [ HEADER ] array (
)
[ 2020-04-04T19:59:53+08:00 ][ info ] [ HEADER ] array (
)
[ 2020-04-04T19:59:53+08:00 ][ info ] [ PARAM ] array (
)
[ 2020-04-04T19:59:53+08:00 ][ info ] [ HEADER ] array (
)
[ 2020-04-04T19:59:53+08:00 ][ info ] [ PARAM ] array (
)
[ 2020-04-04T19:59:53+08:00 ][ info ] [ PARAM ] array (
)
[ 2020-04-04T19:59:53+08:00 ][ info ] [ PARAM ] array (
)
[ 2020-04-04T19:59:53+08:00 ][ info ] [ PARAM ] array (
)
[ 2020-04-04T19:59:53+08:00 ][ info ] [ PARAM ] array (
)
[ 2020-04-04T19:59:53+08:00 ][ info ] [ PARAM ] array (
)
[ 2020-04-04T20:00:07+08:00 ][ info ] [ LANG ] /Users/liudandan/www/learing/php/swoole/thinkphp/thinkphp/lang/zh-cn.php
[ 2020-04-04T20:00:07+08:00 ][ info ] [ ROUTE ] array (
)
[ 2020-04-04T20:00:07+08:00 ][ info ] [ HEADER ] array (
)
[ 2020-04-04T20:00:07+08:00 ][ info ] [ PARAM ] array (
  'phone_num' => '18032257279',
)
[ 2020-04-04T20:52:26+08:00 ][ info ] [ LANG ] /Users/liudandan/www/learing/php/swoole/thinkphp/thinkphp/lang/zh-cn.php
[ info ] [ LOG ] INIT File
[ 2020-04-04T20:52:26+08:00 ][ info ] [ LANG ] /Users/liudandan/www/learing/php/swoole/thinkphp/thinkphp/lang/zh-cn.php
[ info ] [ LOG ] INIT File
[ 2020-04-04T20:52:26+08:00 ][ info ] [ LANG ] /Users/liudandan/www/learing/php/swoole/thinkphp/thinkphp/lang/zh-cn.php
[ info ] [ LOG ] INIT File
[ 2020-04-04T20:52:26+08:00 ][ info ] [ LANG ] /Users/liudandan/www/learing/php/swoole/thinkphp/thinkphp/lang/zh-cn.php
[ info ] [ LOG ] INIT File
[ 2020-04-04T20:52:26+08:00 ][ info ] [ LANG ] /Users/liudandan/www/learing/php/swoole/thinkphp/thinkphp/lang/zh-cn.php
[ info ] [ LOG ] INIT File
[ 2020-04-04T20:52:26+08:00 ][ info ] [ LANG ] /Users/liudandan/www/learing/php/swoole/thinkphp/thinkphp/lang/zh-cn.php
[ info ] [ LOG ] INIT File
[ 2020-04-04T20:52:26+08:00 ][ info ] [ LANG ] /Users/liudandan/www/learing/php/swoole/thinkphp/thinkphp/lang/zh-cn.php
[ info ] [ LOG ] INIT File
[ 2020-04-04T20:52:26+08:00 ][ info ] [ LANG ] /Users/liudandan/www/learing/php/swoole/thinkphp/thinkphp/lang/zh-cn.php
[ info ] [ LOG ] INIT File
[ 2020-04-04T20:52:26+08:00 ][ info ] [ ROUTE ] array (
)
[ 2020-04-04T20:52:26+08:00 ][ info ] [ ROUTE ] array (
)
[ 2020-04-04T20:52:26+08:00 ][ info ] [ ROUTE ] array (
)
[ 2020-04-04T20:52:26+08:00 ][ info ] [ ROUTE ] array (
)
[ 2020-04-04T20:52:26+08:00 ][ info ] [ ROUTE ] array (
)
[ 2020-04-04T20:52:26+08:00 ][ info ] [ ROUTE ] array (
)
[ 2020-04-04T20:52:26+08:00 ][ info ] [ HEADER ] array (
)
[ 2020-04-04T20:52:26+08:00 ][ info ] [ ROUTE ] array (
)
[ 2020-04-04T20:52:26+08:00 ][ info ] [ ROUTE ] array (
)
[ 2020-04-04T20:52:26+08:00 ][ info ] [ HEADER ] array (
)
[ 2020-04-04T20:52:26+08:00 ][ info ] [ HEADER ] array (
)
[ 2020-04-04T20:52:26+08:00 ][ info ] [ HEADER ] array (
)
[ 2020-04-04T20:52:26+08:00 ][ info ] [ HEADER ] array (
)
[ 2020-04-04T20:52:26+08:00 ][ info ] [ HEADER ] array (
)
[ 2020-04-04T20:52:26+08:00 ][ info ] [ HEADER ] array (
)
[ 2020-04-04T20:52:26+08:00 ][ info ] [ PARAM ] array (
)
[ 2020-04-04T20:52:26+08:00 ][ info ] [ HEADER ] array (
)
[ 2020-04-04T20:52:26+08:00 ][ info ] [ PARAM ] array (
)
[ 2020-04-04T20:52:26+08:00 ][ info ] [ PARAM ] array (
)
[ 2020-04-04T20:52:26+08:00 ][ info ] [ PARAM ] array (
)
[ 2020-04-04T20:52:26+08:00 ][ info ] [ PARAM ] array (
)
[ 2020-04-04T20:52:26+08:00 ][ info ] [ PARAM ] array (
)
[ 2020-04-04T20:52:26+08:00 ][ info ] [ PARAM ] array (
)
[ 2020-04-04T20:52:26+08:00 ][ info ] [ PARAM ] array (
)
[ 2020-04-04T20:52:33+08:00 ][ info ] [ LANG ] /Users/liudandan/www/learing/php/swoole/thinkphp/thinkphp/lang/zh-cn.php
[ 2020-04-04T20:52:33+08:00 ][ info ] [ ROUTE ] array (
)
[ 2020-04-04T20:52:33+08:00 ][ info ] [ HEADER ] array (
)
[ 2020-04-04T20:52:33+08:00 ][ info ] [ PARAM ] array (
  'phone_num' => '18032257279',
)
[ 2020-04-04T20:55:22+08:00 ][ info ] [ LANG ] /Users/liudandan/www/learing/php/swoole/thinkphp/thinkphp/lang/zh-cn.php
[ 2020-04-04T20:55:22+08:00 ][ info ] [ ROUTE ] array (
)
[ 2020-04-04T20:55:22+08:00 ][ info ] [ HEADER ] array (
)
[ 2020-04-04T20:55:22+08:00 ][ info ] [ PARAM ] array (
  'phone_num' => '18032257279',
)
[ 2020-04-04T20:55:22+08:00 ][ info ] [ LANG ] /Users/liudandan/www/learing/php/swoole/thinkphp/thinkphp/lang/zh-cn.php
[ 2020-04-04T20:55:22+08:00 ][ info ] [ ROUTE ] array (
)
[ 2020-04-04T20:55:22+08:00 ][ info ] [ HEADER ] array (
)
[ 2020-04-04T20:55:22+08:00 ][ info ] [ PARAM ] array (
  'phone_num' => '18032257279',
)
[ 2020-04-04T20:55:51+08:00 ][ info ] [ LANG ] /Users/liudandan/www/learing/php/swoole/thinkphp/thinkphp/lang/zh-cn.php
[ 2020-04-04T20:55:51+08:00 ][ info ] [ ROUTE ] array (
)
[ 2020-04-04T20:55:51+08:00 ][ info ] [ HEADER ] array (
)
[ 2020-04-04T20:55:51+08:00 ][ info ] [ PARAM ] array (
  'phone_num' => '18032257279',
)
[ 2020-04-04T20:55:51+08:00 ][ info ] [ LANG ] /Users/liudandan/www/learing/php/swoole/thinkphp/thinkphp/lang/zh-cn.php
[ 2020-04-04T20:55:51+08:00 ][ info ] [ ROUTE ] array (
)
[ 2020-04-04T20:55:51+08:00 ][ info ] [ HEADER ] array (
)
[ 2020-04-04T20:55:51+08:00 ][ info ] [ PARAM ] array (
  'phone_num' => '18032257279',
)
[ 2020-04-04T20:55:52+08:00 ][ info ] [ LANG ] /Users/liudandan/www/learing/php/swoole/thinkphp/thinkphp/lang/zh-cn.php
[ 2020-04-04T20:55:52+08:00 ][ info ] [ ROUTE ] array (
)
[ 2020-04-04T20:55:52+08:00 ][ info ] [ HEADER ] array (
)
[ 2020-04-04T20:55:52+08:00 ][ info ] [ PARAM ] array (
  'phone_num' => '18032257279',
)
[ 2020-04-04T20:55:52+08:00 ][ info ] [ LANG ] /Users/liudandan/www/learing/php/swoole/thinkphp/thinkphp/lang/zh-cn.php
[ 2020-04-04T20:55:52+08:00 ][ info ] [ ROUTE ] array (
)
[ 2020-04-04T20:55:52+08:00 ][ info ] [ HEADER ] array (
)
[ 2020-04-04T20:55:52+08:00 ][ info ] [ PARAM ] array (
  'phone_num' => '18032257279',
)
[ 2020-04-04T20:55:52+08:00 ][ info ] [ LANG ] /Users/liudandan/www/learing/php/swoole/thinkphp/thinkphp/lang/zh-cn.php
[ 2020-04-04T20:55:52+08:00 ][ info ] [ ROUTE ] array (
)
[ 2020-04-04T20:55:52+08:00 ][ info ] [ HEADER ] array (
)
[ 2020-04-04T20:55:52+08:00 ][ info ] [ PARAM ] array (
  'phone_num' => '18032257279',
)
[ 2020-04-04T20:55:52+08:00 ][ info ] [ LANG ] /Users/liudandan/www/learing/php/swoole/thinkphp/thinkphp/lang/zh-cn.php
[ 2020-04-04T20:55:52+08:00 ][ info ] [ ROUTE ] array (
)
[ 2020-04-04T20:55:52+08:00 ][ info ] [ HEADER ] array (
)
[ 2020-04-04T20:55:52+08:00 ][ info ] [ PARAM ] array (
  'phone_num' => '18032257279',
)
[ 2020-04-04T20:55:59+08:00 ][ info ] [ LANG ] /Users/liudandan/www/learing/php/swoole/thinkphp/thinkphp/lang/zh-cn.php
[ 2020-04-04T20:55:59+08:00 ][ info ] [ ROUTE ] array (
)
[ 2020-04-04T20:55:59+08:00 ][ info ] [ HEADER ] array (
)
[ 2020-04-04T20:55:59+08:00 ][ info ] [ PARAM ] array (
  'phone_num' => '18032257279',
)
[ 2020-04-04T20:55:59+08:00 ][ info ] [ LANG ] /Users/liudandan/www/learing/php/swoole/thinkphp/thinkphp/lang/zh-cn.php
[ 2020-04-04T20:55:59+08:00 ][ info ] [ ROUTE ] array (
)
[ 2020-04-04T20:55:59+08:00 ][ info ] [ HEADER ] array (
)
[ 2020-04-04T20:55:59+08:00 ][ info ] [ PARAM ] array (
  'phone_num' => '18032257279',
)
[ 2020-04-04T20:56:09+08:00 ][ info ] [ LANG ] /Users/liudandan/www/learing/php/swoole/thinkphp/thinkphp/lang/zh-cn.php
[ 2020-04-04T20:56:09+08:00 ][ info ] [ ROUTE ] array (
)
[ 2020-04-04T20:56:09+08:00 ][ info ] [ HEADER ] array (
)
[ 2020-04-04T20:56:09+08:00 ][ info ] [ PARAM ] array (
  'phone_num' => '18032257279',
)
[ 2020-04-04T20:56:09+08:00 ][ info ] [ LANG ] /Users/liudandan/www/learing/php/swoole/thinkphp/thinkphp/lang/zh-cn.php
[ 2020-04-04T20:56:09+08:00 ][ info ] [ ROUTE ] array (
)
[ 2020-04-04T20:56:09+08:00 ][ info ] [ HEADER ] array (
)
[ 2020-04-04T20:56:09+08:00 ][ info ] [ PARAM ] array (
  'phone_num' => '18032257279',
)
[ 2020-04-04T21:10:46+08:00 ][ info ] [ LANG ] /Users/liudandan/www/learing/php/swoole/thinkphp/thinkphp/lang/zh-cn.php
[ info ] [ LOG ] INIT File
[ 2020-04-04T21:10:46+08:00 ][ info ] [ LANG ] /Users/liudandan/www/learing/php/swoole/thinkphp/thinkphp/lang/zh-cn.php
[ info ] [ LOG ] INIT File
[ 2020-04-04T21:10:46+08:00 ][ info ] [ LANG ] /Users/liudandan/www/learing/php/swoole/thinkphp/thinkphp/lang/zh-cn.php
[ info ] [ LOG ] INIT File
[ 2020-04-04T21:10:46+08:00 ][ info ] [ LANG ] /Users/liudandan/www/learing/php/swoole/thinkphp/thinkphp/lang/zh-cn.php
[ info ] [ LOG ] INIT File
[ 2020-04-04T21:10:46+08:00 ][ info ] [ LANG ] /Users/liudandan/www/learing/php/swoole/thinkphp/thinkphp/lang/zh-cn.php
[ info ] [ LOG ] INIT File
[ 2020-04-04T21:10:46+08:00 ][ info ] [ LANG ] /Users/liudandan/www/learing/php/swoole/thinkphp/thinkphp/lang/zh-cn.php
[ info ] [ LOG ] INIT File
[ 2020-04-04T21:10:46+08:00 ][ info ] [ LANG ] /Users/liudandan/www/learing/php/swoole/thinkphp/thinkphp/lang/zh-cn.php
[ info ] [ LOG ] INIT File
[ 2020-04-04T21:10:46+08:00 ][ info ] [ LANG ] /Users/liudandan/www/learing/php/swoole/thinkphp/thinkphp/lang/zh-cn.php
[ info ] [ LOG ] INIT File
[ 2020-04-04T21:10:46+08:00 ][ info ] [ ROUTE ] array (
)
[ 2020-04-04T21:10:46+08:00 ][ info ] [ ROUTE ] array (
)
[ 2020-04-04T21:10:46+08:00 ][ info ] [ ROUTE ] array (
)
[ 2020-04-04T21:10:46+08:00 ][ info ] [ ROUTE ] array (
)
[ 2020-04-04T21:10:46+08:00 ][ info ] [ ROUTE ] array (
)
[ 2020-04-04T21:10:46+08:00 ][ info ] [ ROUTE ] array (
)
[ 2020-04-04T21:10:46+08:00 ][ info ] [ HEADER ] array (
)
[ 2020-04-04T21:10:46+08:00 ][ info ] [ ROUTE ] array (
)
[ 2020-04-04T21:10:46+08:00 ][ info ] [ HEADER ] array (
)
[ 2020-04-04T21:10:46+08:00 ][ info ] [ ROUTE ] array (
)
[ 2020-04-04T21:10:46+08:00 ][ info ] [ HEADER ] array (
)
[ 2020-04-04T21:10:46+08:00 ][ info ] [ HEADER ] array (
)
[ 2020-04-04T21:10:46+08:00 ][ info ] [ HEADER ] array (
)
[ 2020-04-04T21:10:46+08:00 ][ info ] [ HEADER ] array (
)
[ 2020-04-04T21:10:46+08:00 ][ info ] [ PARAM ] array (
)
[ 2020-04-04T21:10:46+08:00 ][ info ] [ HEADER ] array (
)
[ 2020-04-04T21:10:46+08:00 ][ info ] [ HEADER ] array (
)
[ 2020-04-04T21:10:46+08:00 ][ info ] [ PARAM ] array (
)
[ 2020-04-04T21:10:46+08:00 ][ info ] [ PARAM ] array (
)
[ 2020-04-04T21:10:46+08:00 ][ info ] [ PARAM ] array (
)
[ 2020-04-04T21:10:46+08:00 ][ info ] [ PARAM ] array (
)
[ 2020-04-04T21:10:46+08:00 ][ info ] [ PARAM ] array (
)
[ 2020-04-04T21:10:46+08:00 ][ info ] [ PARAM ] array (
)
[ 2020-04-04T21:10:46+08:00 ][ info ] [ PARAM ] array (
)
[ 2020-04-04T21:10:47+08:00 ][ info ] [ LANG ] /Users/liudandan/www/learing/php/swoole/thinkphp/thinkphp/lang/zh-cn.php
[ 2020-04-04T21:10:47+08:00 ][ info ] [ ROUTE ] array (
)
[ 2020-04-04T21:10:47+08:00 ][ info ] [ HEADER ] array (
)
[ 2020-04-04T21:10:47+08:00 ][ info ] [ PARAM ] array (
)
[ 2020-04-04T21:10:47+08:00 ][ info ] [ LANG ] /Users/liudandan/www/learing/php/swoole/thinkphp/thinkphp/lang/zh-cn.php
[ 2020-04-04T21:10:47+08:00 ][ info ] [ ROUTE ] array (
)
[ 2020-04-04T21:10:47+08:00 ][ info ] [ HEADER ] array (
)
[ 2020-04-04T21:10:47+08:00 ][ info ] [ PARAM ] array (
)
[ 2020-04-04T21:10:48+08:00 ][ info ] [ LANG ] /Users/liudandan/www/learing/php/swoole/thinkphp/thinkphp/lang/zh-cn.php
[ 2020-04-04T21:10:48+08:00 ][ info ] [ ROUTE ] array (
)
[ 2020-04-04T21:10:48+08:00 ][ info ] [ HEADER ] array (
)
[ 2020-04-04T21:10:48+08:00 ][ info ] [ PARAM ] array (
)
[ 2020-04-04T21:10:48+08:00 ][ info ] [ LANG ] /Users/liudandan/www/learing/php/swoole/thinkphp/thinkphp/lang/zh-cn.php
[ 2020-04-04T21:10:48+08:00 ][ info ] [ ROUTE ] array (
)
[ 2020-04-04T21:10:48+08:00 ][ info ] [ HEADER ] array (
)
[ 2020-04-04T21:10:48+08:00 ][ info ] [ PARAM ] array (
)
[ 2020-04-04T21:10:49+08:00 ][ info ] [ LANG ] /Users/liudandan/www/learing/php/swoole/thinkphp/thinkphp/lang/zh-cn.php
[ 2020-04-04T21:10:49+08:00 ][ info ] [ ROUTE ] array (
)
[ 2020-04-04T21:10:49+08:00 ][ info ] [ HEADER ] array (
)
[ 2020-04-04T21:10:49+08:00 ][ info ] [ PARAM ] array (
)
[ 2020-04-04T21:10:49+08:00 ][ info ] [ LANG ] /Users/liudandan/www/learing/php/swoole/thinkphp/thinkphp/lang/zh-cn.php
[ 2020-04-04T21:10:49+08:00 ][ info ] [ ROUTE ] array (
)
[ 2020-04-04T21:10:49+08:00 ][ info ] [ HEADER ] array (
)
[ 2020-04-04T21:10:49+08:00 ][ info ] [ PARAM ] array (
)
[ 2020-04-04T21:11:11+08:00 ][ info ] [ LANG ] /Users/liudandan/www/learing/php/swoole/thinkphp/thinkphp/lang/zh-cn.php
[ info ] [ LOG ] INIT File
[ 2020-04-04T21:11:11+08:00 ][ info ] [ LANG ] /Users/liudandan/www/learing/php/swoole/thinkphp/thinkphp/lang/zh-cn.php
[ info ] [ LOG ] INIT File
[ 2020-04-04T21:11:11+08:00 ][ info ] [ LANG ] /Users/liudandan/www/learing/php/swoole/thinkphp/thinkphp/lang/zh-cn.php
[ info ] [ LOG ] INIT File
[ 2020-04-04T21:11:11+08:00 ][ info ] [ ROUTE ] array (
)
[ 2020-04-04T21:11:11+08:00 ][ info ] [ HEADER ] array (
)
[ 2020-04-04T21:11:11+08:00 ][ info ] [ ROUTE ] array (
)
[ 2020-04-04T21:11:11+08:00 ][ info ] [ HEADER ] array (
)
[ 2020-04-04T21:11:11+08:00 ][ info ] [ PARAM ] array (
)
[ 2020-04-04T21:11:11+08:00 ][ info ] [ LANG ] /Users/liudandan/www/learing/php/swoole/thinkphp/thinkphp/lang/zh-cn.php
[ info ] [ LOG ] INIT File
[ 2020-04-04T21:11:11+08:00 ][ info ] [ PARAM ] array (
)
[ 2020-04-04T21:11:11+08:00 ][ info ] [ ROUTE ] array (
)
[ 2020-04-04T21:11:11+08:00 ][ info ] [ HEADER ] array (
)
[ 2020-04-04T21:11:11+08:00 ][ info ] [ PARAM ] array (
)
[ 2020-04-04T21:11:11+08:00 ][ info ] [ LANG ] /Users/liudandan/www/learing/php/swoole/thinkphp/thinkphp/lang/zh-cn.php
[ info ] [ LOG ] INIT File
[ 2020-04-04T21:11:11+08:00 ][ info ] [ LANG ] /Users/liudandan/www/learing/php/swoole/thinkphp/thinkphp/lang/zh-cn.php
[ info ] [ LOG ] INIT File
[ 2020-04-04T21:11:11+08:00 ][ info ] [ ROUTE ] array (
)
[ 2020-04-04T21:11:11+08:00 ][ info ] [ HEADER ] array (
)
[ 2020-04-04T21:11:11+08:00 ][ info ] [ ROUTE ] array (
)
[ 2020-04-04T21:11:11+08:00 ][ info ] [ HEADER ] array (
)
[ 2020-04-04T21:11:11+08:00 ][ info ] [ PARAM ] array (
)
[ 2020-04-04T21:11:11+08:00 ][ info ] [ ROUTE ] array (
)
[ 2020-04-04T21:11:11+08:00 ][ info ] [ HEADER ] array (
)
[ 2020-04-04T21:11:11+08:00 ][ info ] [ PARAM ] array (
)
[ 2020-04-04T21:11:11+08:00 ][ info ] [ LANG ] /Users/liudandan/www/learing/php/swoole/thinkphp/thinkphp/lang/zh-cn.php
[ info ] [ LOG ] INIT File
[ 2020-04-04T21:11:11+08:00 ][ info ] [ PARAM ] array (
)
[ 2020-04-04T21:11:11+08:00 ][ info ] [ LANG ] /Users/liudandan/www/learing/php/swoole/thinkphp/thinkphp/lang/zh-cn.php
[ info ] [ LOG ] INIT File
[ 2020-04-04T21:11:11+08:00 ][ info ] [ ROUTE ] array (
)
[ 2020-04-04T21:11:11+08:00 ][ info ] [ HEADER ] array (
)
[ 2020-04-04T21:11:11+08:00 ][ info ] [ PARAM ] array (
)
[ 2020-04-04T21:11:11+08:00 ][ info ] [ ROUTE ] array (
)
[ 2020-04-04T21:11:11+08:00 ][ info ] [ HEADER ] array (
)
[ 2020-04-04T21:11:11+08:00 ][ info ] [ PARAM ] array (
)
[ 2020-04-04T21:11:14+08:00 ][ info ] [ LANG ] /Users/liudandan/www/learing/php/swoole/thinkphp/thinkphp/lang/zh-cn.php
[ 2020-04-04T21:11:14+08:00 ][ info ] [ ROUTE ] array (
)
[ 2020-04-04T21:11:14+08:00 ][ info ] [ HEADER ] array (
)
[ 2020-04-04T21:11:14+08:00 ][ info ] [ PARAM ] array (
)
[ 2020-04-04T21:11:14+08:00 ][ info ] [ LANG ] /Users/liudandan/www/learing/php/swoole/thinkphp/thinkphp/lang/zh-cn.php
[ 2020-04-04T21:11:14+08:00 ][ info ] [ ROUTE ] array (
)
[ 2020-04-04T21:11:14+08:00 ][ info ] [ HEADER ] array (
)
[ 2020-04-04T21:11:14+08:00 ][ info ] [ PARAM ] array (
)
[ 2020-04-04T21:11:15+08:00 ][ info ] [ LANG ] /Users/liudandan/www/learing/php/swoole/thinkphp/thinkphp/lang/zh-cn.php
[ 2020-04-04T21:11:15+08:00 ][ info ] [ ROUTE ] array (
)
[ 2020-04-04T21:11:15+08:00 ][ info ] [ HEADER ] array (
)
[ 2020-04-04T21:11:15+08:00 ][ info ] [ PARAM ] array (
)
[ 2020-04-04T21:11:15+08:00 ][ info ] [ LANG ] /Users/liudandan/www/learing/php/swoole/thinkphp/thinkphp/lang/zh-cn.php
[ 2020-04-04T21:11:15+08:00 ][ info ] [ ROUTE ] array (
)
[ 2020-04-04T21:11:15+08:00 ][ info ] [ HEADER ] array (
)
[ 2020-04-04T21:11:15+08:00 ][ info ] [ PARAM ] array (
)
[ 2020-04-04T21:11:15+08:00 ][ info ] [ LANG ] /Users/liudandan/www/learing/php/swoole/thinkphp/thinkphp/lang/zh-cn.php
[ 2020-04-04T21:11:15+08:00 ][ info ] [ ROUTE ] array (
)
[ 2020-04-04T21:11:15+08:00 ][ info ] [ HEADER ] array (
)
[ 2020-04-04T21:11:15+08:00 ][ info ] [ PARAM ] array (
)
[ 2020-04-04T21:11:15+08:00 ][ info ] [ LANG ] /Users/liudandan/www/learing/php/swoole/thinkphp/thinkphp/lang/zh-cn.php
[ 2020-04-04T21:11:15+08:00 ][ info ] [ ROUTE ] array (
)
[ 2020-04-04T21:11:15+08:00 ][ info ] [ HEADER ] array (
)
[ 2020-04-04T21:11:15+08:00 ][ info ] [ PARAM ] array (
)
[ 2020-04-04T21:11:15+08:00 ][ info ] [ LANG ] /Users/liudandan/www/learing/php/swoole/thinkphp/thinkphp/lang/zh-cn.php
[ 2020-04-04T21:11:15+08:00 ][ info ] [ ROUTE ] array (
)
[ 2020-04-04T21:11:15+08:00 ][ info ] [ HEADER ] array (
)
[ 2020-04-04T21:11:15+08:00 ][ info ] [ PARAM ] array (
)
[ 2020-04-04T21:11:15+08:00 ][ info ] [ LANG ] /Users/liudandan/www/learing/php/swoole/thinkphp/thinkphp/lang/zh-cn.php
[ 2020-04-04T21:11:15+08:00 ][ info ] [ ROUTE ] array (
)
[ 2020-04-04T21:11:15+08:00 ][ info ] [ HEADER ] array (
)
[ 2020-04-04T21:11:15+08:00 ][ info ] [ PARAM ] array (
)
[ 2020-04-04T21:16:27+08:00 ][ info ] [ LANG ] /Users/liudandan/www/learing/php/swoole/thinkphp/thinkphp/lang/zh-cn.php
[ info ] [ LOG ] INIT File
[ 2020-04-04T21:16:27+08:00 ][ info ] [ LANG ] /Users/liudandan/www/learing/php/swoole/thinkphp/thinkphp/lang/zh-cn.php
[ info ] [ LOG ] INIT File
[ 2020-04-04T21:16:27+08:00 ][ info ] [ LANG ] /Users/liudandan/www/learing/php/swoole/thinkphp/thinkphp/lang/zh-cn.php
[ info ] [ LOG ] INIT File
[ 2020-04-04T21:16:27+08:00 ][ info ] [ LANG ] /Users/liudandan/www/learing/php/swoole/thinkphp/thinkphp/lang/zh-cn.php
[ info ] [ LOG ] INIT File
[ 2020-04-04T21:16:27+08:00 ][ info ] [ LANG ] /Users/liudandan/www/learing/php/swoole/thinkphp/thinkphp/lang/zh-cn.php
[ info ] [ LOG ] INIT File
[ 2020-04-04T21:16:27+08:00 ][ info ] [ LANG ] /Users/liudandan/www/learing/php/swoole/thinkphp/thinkphp/lang/zh-cn.php
[ info ] [ LOG ] INIT File
[ 2020-04-04T21:16:27+08:00 ][ info ] [ LANG ] /Users/liudandan/www/learing/php/swoole/thinkphp/thinkphp/lang/zh-cn.php
[ info ] [ LOG ] INIT File
[ 2020-04-04T21:16:27+08:00 ][ info ] [ ROUTE ] array (
)
[ 2020-04-04T21:16:27+08:00 ][ info ] [ ROUTE ] array (
)
[ 2020-04-04T21:16:27+08:00 ][ info ] [ ROUTE ] array (
)
[ 2020-04-04T21:16:27+08:00 ][ info ] [ ROUTE ] array (
)
[ 2020-04-04T21:16:27+08:00 ][ info ] [ ROUTE ] array (
)
[ 2020-04-04T21:16:27+08:00 ][ info ] [ ROUTE ] array (
)
[ 2020-04-04T21:16:27+08:00 ][ info ] [ ROUTE ] array (
)
[ 2020-04-04T21:16:27+08:00 ][ info ] [ HEADER ] array (
)
[ 2020-04-04T21:16:27+08:00 ][ info ] [ HEADER ] array (
)
[ 2020-04-04T21:16:27+08:00 ][ info ] [ HEADER ] array (
)
[ 2020-04-04T21:16:27+08:00 ][ info ] [ PARAM ] array (
)
[ 2020-04-04T21:16:27+08:00 ][ info ] [ HEADER ] array (
)
[ 2020-04-04T21:16:27+08:00 ][ info ] [ HEADER ] array (
)
[ 2020-04-04T21:16:27+08:00 ][ info ] [ HEADER ] array (
)
[ 2020-04-04T21:16:27+08:00 ][ info ] [ PARAM ] array (
)
[ 2020-04-04T21:16:27+08:00 ][ info ] [ PARAM ] array (
)
[ 2020-04-04T21:16:27+08:00 ][ info ] [ HEADER ] array (
)
[ 2020-04-04T21:16:27+08:00 ][ info ] [ PARAM ] array (
)
[ 2020-04-04T21:16:27+08:00 ][ info ] [ PARAM ] array (
)
[ 2020-04-04T21:16:27+08:00 ][ info ] [ PARAM ] array (
)
[ 2020-04-04T21:16:27+08:00 ][ info ] [ PARAM ] array (
)
[ 2020-04-04T21:16:27+08:00 ][ info ] [ LANG ] /Users/liudandan/www/learing/php/swoole/thinkphp/thinkphp/lang/zh-cn.php
[ info ] [ LOG ] INIT File
[ 2020-04-04T21:16:27+08:00 ][ info ] [ ROUTE ] array (
)
[ 2020-04-04T21:16:27+08:00 ][ info ] [ HEADER ] array (
)
[ 2020-04-04T21:16:27+08:00 ][ info ] [ PARAM ] array (
)
[ 2020-04-04T21:16:36+08:00 ][ info ] [ LANG ] /Users/liudandan/www/learing/php/swoole/thinkphp/thinkphp/lang/zh-cn.php
[ 2020-04-04T21:16:36+08:00 ][ info ] [ ROUTE ] array (
)
[ 2020-04-04T21:16:36+08:00 ][ info ] [ HEADER ] array (
)
[ 2020-04-04T21:16:36+08:00 ][ info ] [ PARAM ] array (
)
[ 2020-04-04T21:16:37+08:00 ][ info ] [ LANG ] /Users/liudandan/www/learing/php/swoole/thinkphp/thinkphp/lang/zh-cn.php
[ 2020-04-04T21:16:37+08:00 ][ info ] [ ROUTE ] array (
)
[ 2020-04-04T21:16:37+08:00 ][ info ] [ HEADER ] array (
)
[ 2020-04-04T21:16:37+08:00 ][ info ] [ PARAM ] array (
)
[ 2020-04-04T21:16:37+08:00 ][ info ] [ LANG ] /Users/liudandan/www/learing/php/swoole/thinkphp/thinkphp/lang/zh-cn.php
[ 2020-04-04T21:16:37+08:00 ][ info ] [ ROUTE ] array (
)
[ 2020-04-04T21:16:37+08:00 ][ info ] [ HEADER ] array (
)
[ 2020-04-04T21:16:37+08:00 ][ info ] [ PARAM ] array (
)
[ 2020-04-04T21:16:37+08:00 ][ info ] [ LANG ] /Users/liudandan/www/learing/php/swoole/thinkphp/thinkphp/lang/zh-cn.php
[ 2020-04-04T21:16:37+08:00 ][ info ] [ ROUTE ] array (
)
[ 2020-04-04T21:16:37+08:00 ][ info ] [ HEADER ] array (
)
[ 2020-04-04T21:16:37+08:00 ][ info ] [ PARAM ] array (
)
[ 2020-04-04T21:16:42+08:00 ][ info ] [ LANG ] /Users/liudandan/www/learing/php/swoole/thinkphp/thinkphp/lang/zh-cn.php
[ 2020-04-04T21:16:42+08:00 ][ info ] [ ROUTE ] array (
)
[ 2020-04-04T21:16:42+08:00 ][ info ] [ HEADER ] array (
)
[ 2020-04-04T21:16:42+08:00 ][ info ] [ PARAM ] array (
  'XDEBUG_SESSION_START' => '15252',
)
[ 2020-04-04T21:16:43+08:00 ][ info ] [ LANG ] /Users/liudandan/www/learing/php/swoole/thinkphp/thinkphp/lang/zh-cn.php
[ 2020-04-04T21:16:43+08:00 ][ info ] [ ROUTE ] array (
)
[ 2020-04-04T21:16:43+08:00 ][ info ] [ HEADER ] array (
)
[ 2020-04-04T21:16:43+08:00 ][ info ] [ PARAM ] array (
  'XDEBUG_SESSION_START' => '15252',
)
[ 2020-04-04T21:16:51+08:00 ][ info ] [ LANG ] /Users/liudandan/www/learing/php/swoole/thinkphp/thinkphp/lang/zh-cn.php
[ 2020-04-04T21:16:51+08:00 ][ info ] [ ROUTE ] array (
)
[ 2020-04-04T21:16:51+08:00 ][ info ] [ HEADER ] array (
)
[ 2020-04-04T21:16:51+08:00 ][ info ] [ PARAM ] array (
  'XDEBUG_SESSION_START' => '15252',
)
[ 2020-04-04T21:16:51+08:00 ][ info ] [ LANG ] /Users/liudandan/www/learing/php/swoole/thinkphp/thinkphp/lang/zh-cn.php
[ 2020-04-04T21:16:51+08:00 ][ info ] [ ROUTE ] array (
)
[ 2020-04-04T21:16:51+08:00 ][ info ] [ HEADER ] array (
)
[ 2020-04-04T21:16:51+08:00 ][ info ] [ PARAM ] array (
  'XDEBUG_SESSION_START' => '15252',
)
[ 2020-04-04T21:16:52+08:00 ][ info ] [ LANG ] /Users/liudandan/www/learing/php/swoole/thinkphp/thinkphp/lang/zh-cn.php
[ 2020-04-04T21:16:52+08:00 ][ info ] [ ROUTE ] array (
)
[ 2020-04-04T21:16:52+08:00 ][ info ] [ HEADER ] array (
)
[ 2020-04-04T21:16:52+08:00 ][ info ] [ PARAM ] array (
  'XDEBUG_SESSION_START' => '15252',
)
[ 2020-04-04T21:16:52+08:00 ][ info ] [ LANG ] /Users/liudandan/www/learing/php/swoole/thinkphp/thinkphp/lang/zh-cn.php
[ 2020-04-04T21:16:52+08:00 ][ info ] [ ROUTE ] array (
)
[ 2020-04-04T21:16:52+08:00 ][ info ] [ HEADER ] array (
)
[ 2020-04-04T21:16:52+08:00 ][ info ] [ PARAM ] array (
  'XDEBUG_SESSION_START' => '15252',
)
[ 2020-04-04T21:16:58+08:00 ][ info ] [ LANG ] /Users/liudandan/www/learing/php/swoole/thinkphp/thinkphp/lang/zh-cn.php
[ 2020-04-04T21:16:58+08:00 ][ info ] [ ROUTE ] array (
)
[ 2020-04-04T21:16:58+08:00 ][ info ] [ HEADER ] array (
)
[ 2020-04-04T21:16:58+08:00 ][ info ] [ PARAM ] array (
  'XDEBUG_SESSION_START' => '15252',
)
[ 2020-04-04T21:16:58+08:00 ][ info ] [ LANG ] /Users/liudandan/www/learing/php/swoole/thinkphp/thinkphp/lang/zh-cn.php
[ 2020-04-04T21:16:58+08:00 ][ info ] [ ROUTE ] array (
)
[ 2020-04-04T21:16:58+08:00 ][ info ] [ HEADER ] array (
)
[ 2020-04-04T21:16:58+08:00 ][ info ] [ PARAM ] array (
  'XDEBUG_SESSION_START' => '15252',
)
[ 2020-04-04T21:16:59+08:00 ][ info ] [ LANG ] /Users/liudandan/www/learing/php/swoole/thinkphp/thinkphp/lang/zh-cn.php
[ 2020-04-04T21:16:59+08:00 ][ info ] [ ROUTE ] array (
)
[ 2020-04-04T21:16:59+08:00 ][ info ] [ HEADER ] array (
)
[ 2020-04-04T21:16:59+08:00 ][ info ] [ PARAM ] array (
  'XDEBUG_SESSION_START' => '15252',
)
[ 2020-04-04T21:16:59+08:00 ][ info ] [ LANG ] /Users/liudandan/www/learing/php/swoole/thinkphp/thinkphp/lang/zh-cn.php
[ 2020-04-04T21:16:59+08:00 ][ info ] [ ROUTE ] array (
)
[ 2020-04-04T21:16:59+08:00 ][ info ] [ HEADER ] array (
)
[ 2020-04-04T21:16:59+08:00 ][ info ] [ PARAM ] array (
  'XDEBUG_SESSION_START' => '15252',
)
[ 2020-04-04T21:17:11+08:00 ][ info ] [ LANG ] /Users/liudandan/www/learing/php/swoole/thinkphp/thinkphp/lang/zh-cn.php
[ 2020-04-04T21:17:11+08:00 ][ info ] [ ROUTE ] array (
)
[ 2020-04-04T21:17:11+08:00 ][ info ] [ HEADER ] array (
)
[ 2020-04-04T21:17:11+08:00 ][ info ] [ PARAM ] array (
  'XDEBUG_SESSION_START' => '15252',
)
[ 2020-04-04T21:17:11+08:00 ][ info ] [ LANG ] /Users/liudandan/www/learing/php/swoole/thinkphp/thinkphp/lang/zh-cn.php
[ 2020-04-04T21:17:11+08:00 ][ info ] [ ROUTE ] array (
)
[ 2020-04-04T21:17:11+08:00 ][ info ] [ HEADER ] array (
)
[ 2020-04-04T21:17:11+08:00 ][ info ] [ PARAM ] array (
  'XDEBUG_SESSION_START' => '15252',
)
[ 2020-04-04T21:19:03+08:00 ][ info ] [ LANG ] /Users/liudandan/www/learing/php/swoole/thinkphp/thinkphp/lang/zh-cn.php
[ info ] [ LOG ] INIT File
[ 2020-04-04T21:19:03+08:00 ][ info ] [ LANG ] /Users/liudandan/www/learing/php/swoole/thinkphp/thinkphp/lang/zh-cn.php
[ info ] [ LOG ] INIT File
[ 2020-04-04T21:19:03+08:00 ][ info ] [ LANG ] /Users/liudandan/www/learing/php/swoole/thinkphp/thinkphp/lang/zh-cn.php
[ info ] [ LOG ] INIT File
[ 2020-04-04T21:19:03+08:00 ][ info ] [ LANG ] /Users/liudandan/www/learing/php/swoole/thinkphp/thinkphp/lang/zh-cn.php
[ info ] [ LOG ] INIT File
[ 2020-04-04T21:19:03+08:00 ][ info ] [ LANG ] /Users/liudandan/www/learing/php/swoole/thinkphp/thinkphp/lang/zh-cn.php
[ info ] [ LOG ] INIT File
[ 2020-04-04T21:19:03+08:00 ][ info ] [ LANG ] /Users/liudandan/www/learing/php/swoole/thinkphp/thinkphp/lang/zh-cn.php
[ info ] [ LOG ] INIT File
[ 2020-04-04T21:19:03+08:00 ][ info ] [ LANG ] /Users/liudandan/www/learing/php/swoole/thinkphp/thinkphp/lang/zh-cn.php
[ info ] [ LOG ] INIT File
[ 2020-04-04T21:19:03+08:00 ][ info ] [ LANG ] /Users/liudandan/www/learing/php/swoole/thinkphp/thinkphp/lang/zh-cn.php
[ info ] [ LOG ] INIT File
[ 2020-04-04T21:19:03+08:00 ][ info ] [ ROUTE ] array (
)
[ 2020-04-04T21:19:03+08:00 ][ info ] [ ROUTE ] array (
)
[ 2020-04-04T21:19:03+08:00 ][ info ] [ ROUTE ] array (
)
[ 2020-04-04T21:19:03+08:00 ][ info ] [ ROUTE ] array (
)
[ 2020-04-04T21:19:03+08:00 ][ info ] [ ROUTE ] array (
)
[ 2020-04-04T21:19:03+08:00 ][ info ] [ ROUTE ] array (
)
[ 2020-04-04T21:19:03+08:00 ][ info ] [ ROUTE ] array (
)
[ 2020-04-04T21:19:03+08:00 ][ info ] [ HEADER ] array (
)
[ 2020-04-04T21:19:03+08:00 ][ info ] [ ROUTE ] array (
)
[ 2020-04-04T21:19:03+08:00 ][ info ] [ HEADER ] array (
)
[ 2020-04-04T21:19:03+08:00 ][ info ] [ PARAM ] array (
)
[ 2020-04-04T21:19:03+08:00 ][ info ] [ HEADER ] array (
)
[ 2020-04-04T21:19:03+08:00 ][ info ] [ HEADER ] array (
)
[ 2020-04-04T21:19:03+08:00 ][ info ] [ HEADER ] array (
)
[ 2020-04-04T21:19:03+08:00 ][ info ] [ HEADER ] array (
)
[ 2020-04-04T21:19:03+08:00 ][ info ] [ PARAM ] array (
)
[ 2020-04-04T21:19:03+08:00 ][ info ] [ HEADER ] array (
)
[ 2020-04-04T21:19:03+08:00 ][ info ] [ PARAM ] array (
)
[ 2020-04-04T21:19:03+08:00 ][ info ] [ PARAM ] array (
)
[ 2020-04-04T21:19:03+08:00 ][ info ] [ PARAM ] array (
)
[ 2020-04-04T21:19:03+08:00 ][ info ] [ HEADER ] array (
)
[ 2020-04-04T21:19:03+08:00 ][ info ] [ PARAM ] array (
)
[ 2020-04-04T21:19:03+08:00 ][ info ] [ PARAM ] array (
)
[ 2020-04-04T21:19:03+08:00 ][ info ] [ PARAM ] array (
)
